{
  "/home/paul/Documents/projects/entourage-job-front/src/Axios.js": {
    "path": "/home/paul/Documents/projects/entourage-job-front/src/Axios.js",
    "statementMap": {
      "0": {
        "start": { "line": 1, "column": 25 },
        "end": { "line": 1, "column": null }
      },
      "1": {
        "start": { "line": 3, "column": 44 },
        "end": { "line": 3, "column": null }
      },
      "2": {
        "start": { "line": 5, "column": 14 },
        "end": { "line": 11, "column": null }
      },
      "3": {
        "start": { "line": 13, "column": 0 },
        "end": { "line": 36, "column": null }
      },
      "4": {
        "start": { "line": 15, "column": 27 },
        "end": { "line": 15, "column": 33 }
      },
      "5": {
        "start": { "line": 21, "column": 4 },
        "end": { "line": 30, "column": 5 }
      },
      "6": {
        "start": { "line": 25, "column": 26 },
        "end": { "line": 25, "column": null }
      },
      "7": {
        "start": { "line": 27, "column": 6 },
        "end": { "line": 29, "column": 7 }
      },
      "8": {
        "start": { "line": 28, "column": 8 },
        "end": { "line": 28, "column": null }
      },
      "9": {
        "start": { "line": 32, "column": 4 },
        "end": { "line": 32, "column": null }
      },
      "10": {
        "start": { "line": 35, "column": 4 },
        "end": { "line": 35, "column": null }
      },
      "11": {
        "start": { "line": 38, "column": 15 },
        "end": { "line": 38, "column": 20 }
      }
    },
    "fnMap": {
      "0": {
        "name": "(anonymous_1)",
        "decl": {
          "start": { "line": 13, "column": 30 },
          "end": { "line": 13, "column": null }
        },
        "loc": {
          "start": { "line": 14, "column": 14 },
          "end": { "line": 33, "column": 3 }
        }
      },
      "1": {
        "name": "(anonymous_2)",
        "decl": {
          "start": { "line": 33, "column": 3 },
          "end": { "line": 33, "column": null }
        },
        "loc": {
          "start": { "line": 34, "column": 13 },
          "end": { "line": 36, "column": 3 }
        }
      }
    },
    "branchMap": {
      "0": {
        "loc": {
          "start": { "line": 21, "column": 4 },
          "end": { "line": 30, "column": 5 }
        },
        "type": "if",
        "locations": [
          {
            "start": { "line": 21, "column": 4 },
            "end": { "line": 30, "column": 5 }
          }
        ]
      },
      "1": {
        "loc": {
          "start": { "line": 22, "column": 6 },
          "end": { "line": 23, "column": null }
        },
        "type": "binary-expr",
        "locations": [
          {
            "start": { "line": 22, "column": 6 },
            "end": { "line": 22, "column": null }
          },
          {
            "start": { "line": 23, "column": 6 },
            "end": { "line": 23, "column": null }
          }
        ]
      },
      "2": {
        "loc": {
          "start": { "line": 27, "column": 6 },
          "end": { "line": 29, "column": 7 }
        },
        "type": "if",
        "locations": [
          {
            "start": { "line": 27, "column": 6 },
            "end": { "line": 29, "column": 7 }
          }
        ]
      }
    },
    "s": {
      "0": 1,
      "1": 1,
      "2": 1,
      "3": 1,
      "4": 0,
      "5": 0,
      "6": 0,
      "7": 0,
      "8": 0,
      "9": 0,
      "10": 0,
      "11": 1
    },
    "f": { "0": 0, "1": 0 },
    "b": { "0": [0], "1": [0, 0], "2": [0] }
  },
  "/home/paul/Documents/projects/entourage-job-front/src/components/variables.js": {
    "path": "/home/paul/Documents/projects/entourage-job-front/src/components/variables.js",
    "statementMap": {
      "0": {
        "start": { "line": 1, "column": 29 },
        "end": { "line": 1, "column": 50 }
      },
      "1": {
        "start": { "line": 1, "column": 13 },
        "end": { "line": 1, "column": 29 }
      },
      "2": {
        "start": { "line": 26, "column": 35 },
        "end": { "line": 32, "column": 1 }
      },
      "3": {
        "start": { "line": 26, "column": 13 },
        "end": { "line": 26, "column": 35 }
      },
      "4": {
        "start": { "line": 33, "column": 28 },
        "end": { "line": 33, "column": 72 }
      },
      "5": {
        "start": { "line": 33, "column": 13 },
        "end": { "line": 33, "column": 28 }
      },
      "6": {
        "start": { "line": 34, "column": 40 },
        "end": { "line": 41, "column": 1 }
      },
      "7": {
        "start": { "line": 34, "column": 13 },
        "end": { "line": 34, "column": 40 }
      },
      "8": {
        "start": { "line": 42, "column": 34 },
        "end": { "line": 42, "column": 52 }
      },
      "9": {
        "start": { "line": 42, "column": 13 },
        "end": { "line": 42, "column": 34 }
      },
      "10": {
        "start": { "line": 43, "column": 28 },
        "end": { "line": 51, "column": 1 }
      },
      "11": {
        "start": { "line": 43, "column": 13 },
        "end": { "line": 43, "column": 28 }
      },
      "12": {
        "start": { "line": 52, "column": 31 },
        "end": { "line": 52, "column": 69 }
      },
      "13": {
        "start": { "line": 52, "column": 13 },
        "end": { "line": 52, "column": 31 }
      },
      "14": {
        "start": { "line": 53, "column": 31 },
        "end": { "line": 53, "column": 71 }
      },
      "15": {
        "start": { "line": 53, "column": 13 },
        "end": { "line": 53, "column": 31 }
      },
      "16": {
        "start": { "line": 55, "column": 30 },
        "end": { "line": 55, "column": 79 }
      },
      "17": {
        "start": { "line": 55, "column": 13 },
        "end": { "line": 55, "column": 30 }
      },
      "18": {
        "start": { "line": 57, "column": 28 },
        "end": { "line": 73, "column": 1 }
      },
      "19": {
        "start": { "line": 57, "column": 13 },
        "end": { "line": 57, "column": 28 }
      }
    },
    "fnMap": {},
    "branchMap": {},
    "s": {
      "0": 2,
      "1": 2,
      "2": 2,
      "3": 2,
      "4": 2,
      "5": 2,
      "6": 2,
      "7": 2,
      "8": 2,
      "9": 2,
      "10": 2,
      "11": 2,
      "12": 2,
      "13": 2,
      "14": 2,
      "15": 2,
      "16": 2,
      "17": 2,
      "18": 2,
      "19": 2
    },
    "f": {},
    "b": {}
  },
  "/home/paul/Documents/projects/entourage-job-front/src/components/backoffice/cv/ButtonPost.js": {
    "path": "/home/paul/Documents/projects/entourage-job-front/src/components/backoffice/cv/ButtonPost.js",
    "statementMap": {
      "0": {
        "start": { "line": 1, "column": 39 },
        "end": { "line": 1, "column": null }
      },
      "1": {
        "start": { "line": 2, "column": 34 },
        "end": { "line": 2, "column": null }
      },
      "2": {
        "start": { "line": 3, "column": 45 },
        "end": { "line": 3, "column": null }
      },
      "3": {
        "start": { "line": 4, "column": 53 },
        "end": { "line": 4, "column": null }
      },
      "4": {
        "start": { "line": 6, "column": 16 },
        "end": { "line": 31, "column": 1 }
      },
      "5": {
        "start": { "line": 7, "column": 28 },
        "end": { "line": 7, "column": null }
      },
      "6": {
        "start": { "line": 13, "column": 8 },
        "end": { "line": 18, "column": 9 }
      },
      "7": {
        "start": { "line": 14, "column": 10 },
        "end": { "line": 14, "column": null }
      },
      "8": {
        "start": { "line": 15, "column": 10 },
        "end": { "line": 17, "column": null }
      },
      "9": {
        "start": { "line": 16, "column": 12 },
        "end": { "line": 16, "column": null }
      },
      "10": {
        "start": { "line": 32, "column": 0 },
        "end": { "line": 38, "column": null }
      },
      "11": {
        "start": { "line": 39, "column": 0 },
        "end": { "line": 44, "column": null }
      },
      "12": {
        "start": { "line": 45, "column": 15 },
        "end": { "line": 45, "column": 25 }
      }
    },
    "fnMap": {
      "0": {
        "name": "(anonymous_2)",
        "decl": {
          "start": { "line": 6, "column": 16 },
          "end": { "line": 6, "column": 20 }
        },
        "loc": {
          "start": { "line": 6, "column": 64 },
          "end": { "line": 31, "column": 1 }
        }
      },
      "1": {
        "name": "(anonymous_3)",
        "decl": {
          "start": { "line": 12, "column": 13 },
          "end": { "line": 12, "column": 21 }
        },
        "loc": {
          "start": { "line": 12, "column": 21 },
          "end": { "line": 19, "column": 7 }
        }
      },
      "2": {
        "name": "(anonymous_4)",
        "decl": {
          "start": { "line": 15, "column": 27 },
          "end": { "line": 15, "column": 34 }
        },
        "loc": {
          "start": { "line": 15, "column": 34 },
          "end": { "line": 17, "column": 11 }
        }
      }
    },
    "branchMap": {
      "0": {
        "loc": {
          "start": { "line": 13, "column": 8 },
          "end": { "line": 18, "column": 9 }
        },
        "type": "if",
        "locations": [
          {
            "start": { "line": 13, "column": 8 },
            "end": { "line": 18, "column": 9 }
          }
        ]
      },
      "1": {
        "loc": {
          "start": { "line": 15, "column": 10 },
          "end": { "line": 17, "column": null }
        },
        "type": "cond-expr",
        "locations": [
          {
            "start": { "line": 15, "column": 10 },
            "end": { "line": 15, "column": 14 }
          },
          {
            "start": { "line": 15, "column": 10 },
            "end": { "line": 17, "column": null }
          }
        ]
      },
      "2": {
        "loc": {
          "start": { "line": 15, "column": 10 },
          "end": { "line": 15, "column": 14 }
        },
        "type": "binary-expr",
        "locations": [
          {
            "start": { "line": 15, "column": 10 },
            "end": { "line": 15, "column": 18 }
          },
          {
            "start": { "line": 15, "column": 10 },
            "end": { "line": 15, "column": 14 }
          }
        ]
      },
      "3": {
        "loc": {
          "start": { "line": 23, "column": 16 },
          "end": { "line": 26, "column": 14 }
        },
        "type": "cond-expr",
        "locations": [
          {
            "start": { "line": 23, "column": 16 },
            "end": { "line": 26, "column": 14 }
          }
        ]
      },
      "4": {
        "loc": {
          "start": { "line": 26, "column": 10 },
          "end": { "line": 26, "column": 14 }
        },
        "type": "binary-expr",
        "locations": [
          {
            "start": { "line": 26, "column": 10 },
            "end": { "line": 26, "column": 14 }
          }
        ]
      }
    },
    "s": {
      "0": 1,
      "1": 1,
      "2": 1,
      "3": 1,
      "4": 1,
      "5": 4,
      "6": 0,
      "7": 0,
      "8": 0,
      "9": 0,
      "10": 1,
      "11": 1,
      "12": 1
    },
    "f": { "0": 4, "1": 0, "2": 0 },
    "b": { "0": [0], "1": [0, 0], "2": [0, 0], "3": [0], "4": [4] }
  },
  "/home/paul/Documents/projects/entourage-job-front/src/components/forms/FormValidator.js": {
    "path": "/home/paul/Documents/projects/entourage-job-front/src/components/forms/FormValidator.js",
    "statementMap": {
      "0": {
        "start": { "line": 1, "column": 33 },
        "end": { "line": 1, "column": null }
      },
      "1": {
        "start": { "line": 2, "column": 49 },
        "end": { "line": 2, "column": null }
      },
      "2": {
        "start": { "line": 7, "column": 4 },
        "end": { "line": 7, "column": null }
      },
      "3": {
        "start": { "line": 12, "column": 23 },
        "end": { "line": 12, "column": null }
      },
      "4": {
        "start": { "line": 14, "column": 4 },
        "end": { "line": 53, "column": null }
      },
      "5": {
        "start": { "line": 16, "column": 6 },
        "end": { "line": 52, "column": 7 }
      },
      "6": {
        "start": { "line": 19, "column": 24 },
        "end": { "line": 20, "column": null }
      },
      "7": {
        "start": { "line": 23, "column": 21 },
        "end": { "line": 23, "column": 36 }
      },
      "8": {
        "start": { "line": 25, "column": 10 },
        "end": { "line": 27, "column": 25 }
      },
      "9": {
        "start": { "line": 36, "column": 8 },
        "end": { "line": 44, "column": 9 }
      },
      "10": {
        "start": { "line": 37, "column": 10 },
        "end": { "line": 38, "column": null }
      },
      "11": {
        "start": { "line": 40, "column": 10 },
        "end": { "line": 40, "column": null }
      },
      "12": {
        "start": { "line": 41, "column": 10 },
        "end": { "line": 43, "column": null }
      },
      "13": {
        "start": { "line": 45, "column": 8 },
        "end": { "line": 51, "column": 9 }
      },
      "14": {
        "start": { "line": 46, "column": 10 },
        "end": { "line": 49, "column": null }
      },
      "15": {
        "start": { "line": 50, "column": 10 },
        "end": { "line": 50, "column": null }
      },
      "16": {
        "start": { "line": 54, "column": 4 },
        "end": { "line": 54, "column": null }
      },
      "17": {
        "start": { "line": 59, "column": 23 },
        "end": { "line": 59, "column": 25 }
      },
      "18": {
        "start": { "line": 61, "column": 4 },
        "end": { "line": 63, "column": null }
      },
      "19": {
        "start": { "line": 62, "column": 6 },
        "end": { "line": 62, "column": null }
      },
      "20": {
        "start": { "line": 64, "column": 4 },
        "end": { "line": 64, "column": null }
      },
      "21": {
        "start": { "line": 4, "column": 21 },
        "end": { "line": 4, "column": null }
      }
    },
    "fnMap": {
      "0": {
        "name": "(anonymous_1)",
        "decl": {
          "start": { "line": 5, "column": 14 },
          "end": { "line": 5, "column": 25 }
        },
        "loc": {
          "start": { "line": 5, "column": 27 },
          "end": { "line": 8, "column": 3 }
        }
      },
      "1": {
        "name": "(anonymous_2)",
        "decl": {
          "start": { "line": 10, "column": 2 },
          "end": { "line": 10, "column": 10 }
        },
        "loc": {
          "start": { "line": 10, "column": 18 },
          "end": { "line": 55, "column": 3 }
        }
      },
      "2": {
        "name": "(anonymous_3)",
        "decl": {
          "start": { "line": 14, "column": 28 },
          "end": { "line": 14, "column": 30 }
        },
        "loc": {
          "start": { "line": 14, "column": 39 },
          "end": { "line": 53, "column": 5 }
        }
      },
      "3": {
        "name": "(anonymous_4)",
        "decl": {
          "start": { "line": 58, "column": 2 },
          "end": { "line": 58, "column": 7 }
        },
        "loc": {
          "start": { "line": 58, "column": 10 },
          "end": { "line": 65, "column": 3 }
        }
      },
      "4": {
        "name": "(anonymous_5)",
        "decl": {
          "start": { "line": 61, "column": 24 },
          "end": { "line": 61, "column": 26 }
        },
        "loc": {
          "start": { "line": 61, "column": 35 },
          "end": { "line": 63, "column": 5 }
        }
      }
    },
    "branchMap": {
      "0": {
        "loc": {
          "start": { "line": 16, "column": 6 },
          "end": { "line": 52, "column": 7 }
        },
        "type": "if",
        "locations": [
          {
            "start": { "line": 16, "column": 6 },
            "end": { "line": 52, "column": 7 }
          }
        ]
      },
      "1": {
        "loc": {
          "start": { "line": 20, "column": 10 },
          "end": { "line": 20, "column": null }
        },
        "type": "cond-expr",
        "locations": [
          {
            "start": { "line": 20, "column": 30 },
            "end": { "line": 20, "column": 50 }
          },
          {
            "start": { "line": 20, "column": 50 },
            "end": { "line": 20, "column": null }
          }
        ]
      },
      "2": {
        "loc": {
          "start": { "line": 23, "column": 21 },
          "end": { "line": 23, "column": 36 }
        },
        "type": "binary-expr",
        "locations": [
          {
            "start": { "line": 23, "column": 21 },
            "end": { "line": 23, "column": 30 }
          },
          {
            "start": { "line": 23, "column": 34 },
            "end": { "line": 23, "column": 36 }
          }
        ]
      },
      "3": {
        "loc": {
          "start": { "line": 25, "column": 10 },
          "end": { "line": 27, "column": 25 }
        },
        "type": "cond-expr",
        "locations": [
          {
            "start": { "line": 26, "column": 14 },
            "end": { "line": 26, "column": null }
          },
          {
            "start": { "line": 27, "column": 14 },
            "end": { "line": 27, "column": 25 }
          }
        ]
      },
      "4": {
        "loc": {
          "start": { "line": 45, "column": 8 },
          "end": { "line": 51, "column": 9 }
        },
        "type": "if",
        "locations": [
          {
            "start": { "line": 45, "column": 8 },
            "end": { "line": 51, "column": 9 }
          }
        ]
      }
    },
    "s": {
      "0": 1,
      "1": 1,
      "2": 4,
      "3": 0,
      "4": 0,
      "5": 0,
      "6": 0,
      "7": 0,
      "8": 0,
      "9": 0,
      "10": 0,
      "11": 0,
      "12": 0,
      "13": 0,
      "14": 0,
      "15": 0,
      "16": 0,
      "17": 0,
      "18": 0,
      "19": 0,
      "20": 0,
      "21": 1
    },
    "f": { "0": 4, "1": 0, "2": 0, "3": 0, "4": 0 },
    "b": { "0": [0], "1": [0, 0], "2": [0, 0], "3": [0, 0], "4": [0] }
  },
  "/home/paul/Documents/projects/entourage-job-front/src/components/forms/FormValidatorErrorMessage.js": {
    "path": "/home/paul/Documents/projects/entourage-job-front/src/components/forms/FormValidatorErrorMessage.js",
    "statementMap": {
      "0": {
        "start": { "line": 1, "column": 25 },
        "end": { "line": 1, "column": null }
      },
      "1": {
        "start": { "line": 2, "column": 34 },
        "end": { "line": 2, "column": null }
      },
      "2": {
        "start": { "line": 4, "column": 31 },
        "end": { "line": 13, "column": 1 }
      },
      "3": {
        "start": { "line": 5, "column": 2 },
        "end": { "line": 11, "column": 3 }
      },
      "4": {
        "start": { "line": 12, "column": 2 },
        "end": { "line": 12, "column": null }
      },
      "5": {
        "start": { "line": 15, "column": 0 },
        "end": { "line": 17, "column": null }
      },
      "6": {
        "start": { "line": 19, "column": 0 },
        "end": { "line": 21, "column": null }
      },
      "7": {
        "start": { "line": 23, "column": 15 },
        "end": { "line": 23, "column": 40 }
      }
    },
    "fnMap": {
      "0": {
        "name": "(anonymous_1)",
        "decl": {
          "start": { "line": 4, "column": 31 },
          "end": { "line": 4, "column": 35 }
        },
        "loc": {
          "start": { "line": 4, "column": 52 },
          "end": { "line": 13, "column": 1 }
        }
      }
    },
    "branchMap": {
      "0": {
        "loc": {
          "start": { "line": 5, "column": 2 },
          "end": { "line": 11, "column": 3 }
        },
        "type": "if",
        "locations": [
          {
            "start": { "line": 5, "column": 2 },
            "end": { "line": 11, "column": 3 }
          }
        ]
      }
    },
    "s": { "0": 1, "1": 1, "2": 1, "3": 32, "4": 32, "5": 1, "6": 1, "7": 1 },
    "f": { "0": 32 },
    "b": { "0": [0] }
  },
  "/home/paul/Documents/projects/entourage-job-front/src/components/forms/FormWithValidation.js": {
    "path": "/home/paul/Documents/projects/entourage-job-front/src/components/forms/FormWithValidation.js",
    "statementMap": {
      "0": {
        "start": { "line": 7, "column": 14 },
        "end": { "line": 7, "column": null }
      },
      "1": {
        "start": { "line": 8, "column": 34 },
        "end": { "line": 8, "column": null }
      },
      "2": {
        "start": { "line": 9, "column": 56 },
        "end": { "line": 9, "column": null }
      },
      "3": {
        "start": { "line": 10, "column": 62 },
        "end": { "line": 10, "column": null }
      },
      "4": {
        "start": { "line": 11, "column": 60 },
        "end": { "line": 11, "column": null }
      },
      "5": {
        "start": { "line": 12, "column": 63 },
        "end": { "line": 12, "column": null }
      },
      "6": {
        "start": { "line": 13, "column": 71 },
        "end": { "line": 13, "column": null }
      },
      "7": {
        "start": { "line": 14, "column": 48 },
        "end": { "line": 14, "column": null }
      },
      "8": {
        "start": { "line": 20, "column": 24 },
        "end": { "line": 243, "column": null }
      },
      "9": {
        "start": { "line": 33, "column": 22 },
        "end": { "line": 33, "column": null }
      },
      "10": {
        "start": { "line": 35, "column": 26 },
        "end": { "line": 35, "column": null }
      },
      "11": {
        "start": { "line": 37, "column": 48 },
        "end": { "line": 37, "column": null }
      },
      "12": {
        "start": { "line": 38, "column": 38 },
        "end": { "line": 38, "column": null }
      },
      "13": {
        "start": { "line": 40, "column": 20 },
        "end": { "line": 50, "column": 5 }
      },
      "14": {
        "start": { "line": 41, "column": 23 },
        "end": { "line": 45, "column": null }
      },
      "15": {
        "start": { "line": 47, "column": 6 },
        "end": { "line": 47, "column": null }
      },
      "16": {
        "start": { "line": 48, "column": 6 },
        "end": { "line": 48, "column": null }
      },
      "17": {
        "start": { "line": 49, "column": 6 },
        "end": { "line": 49, "column": null }
      },
      "18": {
        "start": { "line": 53, "column": 20 },
        "end": { "line": 72, "column": 5 }
      },
      "19": {
        "start": { "line": 54, "column": 25 },
        "end": { "line": 60, "column": null }
      },
      "20": {
        "start": { "line": 62, "column": 6 },
        "end": { "line": 71, "column": 7 }
      },
      "21": {
        "start": { "line": 63, "column": 8 },
        "end": { "line": 65, "column": 12 }
      },
      "22": {
        "start": { "line": 64, "column": 10 },
        "end": { "line": 64, "column": null }
      },
      "23": {
        "start": { "line": 67, "column": 8 },
        "end": { "line": 67, "column": null }
      },
      "24": {
        "start": { "line": 68, "column": 8 },
        "end": { "line": 68, "column": null }
      },
      "25": {
        "start": { "line": 69, "column": 8 },
        "end": { "line": 69, "column": null }
      },
      "26": {
        "start": { "line": 70, "column": 8 },
        "end": { "line": 70, "column": null }
      },
      "27": {
        "start": { "line": 75, "column": 24 },
        "end": { "line": 115, "column": null }
      },
      "28": {
        "start": { "line": 77, "column": 23 },
        "end": { "line": 87, "column": null }
      },
      "29": {
        "start": { "line": 78, "column": 8 },
        "end": { "line": 85, "column": 9 }
      },
      "30": {
        "start": { "line": 79, "column": 10 },
        "end": { "line": 84, "column": null }
      },
      "31": {
        "start": { "line": 82, "column": 14 },
        "end": { "line": 82, "column": null }
      },
      "32": {
        "start": { "line": 86, "column": 8 },
        "end": { "line": 86, "column": null }
      },
      "33": {
        "start": { "line": 89, "column": 26 },
        "end": { "line": 94, "column": null }
      },
      "34": {
        "start": { "line": 90, "column": 8 },
        "end": { "line": 93, "column": null }
      },
      "35": {
        "start": { "line": 95, "column": 21 },
        "end": { "line": 112, "column": null }
      },
      "36": {
        "start": { "line": 96, "column": 8 },
        "end": { "line": 111, "column": null }
      },
      "37": {
        "start": { "line": 102, "column": 18 },
        "end": { "line": 107, "column": 19 }
      },
      "38": {
        "start": { "line": 103, "column": 20 },
        "end": { "line": 106, "column": null }
      },
      "39": {
        "start": { "line": 108, "column": 18 },
        "end": { "line": 108, "column": null }
      },
      "40": {
        "start": { "line": 113, "column": 6 },
        "end": { "line": 113, "column": null }
      },
      "41": {
        "start": { "line": 114, "column": 6 },
        "end": { "line": 114, "column": null }
      },
      "42": {
        "start": { "line": 117, "column": 4 },
        "end": { "line": 121, "column": null }
      },
      "43": {
        "start": { "line": 118, "column": 6 },
        "end": { "line": 120, "column": null }
      },
      "44": {
        "start": { "line": 123, "column": 4 },
        "end": { "line": 125, "column": null }
      },
      "45": {
        "start": { "line": 124, "column": 6 },
        "end": { "line": 124, "column": null }
      },
      "46": {
        "start": { "line": 136, "column": 12 },
        "end": { "line": 140, "column": 13 }
      },
      "47": {
        "start": { "line": 137, "column": 14 },
        "end": { "line": 139, "column": 15 }
      },
      "48": {
        "start": { "line": 138, "column": 16 },
        "end": { "line": 138, "column": null }
      },
      "49": {
        "start": { "line": 145, "column": 14 },
        "end": { "line": 177, "column": 15 }
      },
      "50": {
        "start": { "line": 151, "column": 20 },
        "end": { "line": 151, "column": 25 }
      },
      "51": {
        "start": { "line": 152, "column": 16 },
        "end": { "line": 153, "column": 30 }
      },
      "52": {
        "start": { "line": 159, "column": 24 },
        "end": { "line": 172, "column": null }
      },
      "53": {
        "start": { "line": 166, "column": 30 },
        "end": { "line": 166, "column": null }
      },
      "54": {
        "start": { "line": 169, "column": 30 },
        "end": { "line": 169, "column": null }
      },
      "55": {
        "start": { "line": 178, "column": 14 },
        "end": { "line": 208, "column": 15 }
      },
      "56": {
        "start": { "line": 186, "column": 20 },
        "end": { "line": 186, "column": 25 }
      },
      "57": {
        "start": { "line": 187, "column": 16 },
        "end": { "line": 188, "column": 30 }
      },
      "58": {
        "start": { "line": 198, "column": 24 },
        "end": { "line": 198, "column": null }
      },
      "59": {
        "start": { "line": 201, "column": 24 },
        "end": { "line": 201, "column": null }
      },
      "60": {
        "start": { "line": 210, "column": 14 },
        "end": { "line": 211, "column": 28 }
      },
      "61": {
        "start": { "line": 218, "column": 22 },
        "end": { "line": 218, "column": null }
      },
      "62": {
        "start": { "line": 221, "column": 22 },
        "end": { "line": 221, "column": null }
      },
      "63": {
        "start": { "line": 236, "column": 14 },
        "end": { "line": 236, "column": null }
      },
      "64": {
        "start": { "line": 237, "column": 14 },
        "end": { "line": 237, "column": null }
      },
      "65": {
        "start": { "line": 246, "column": 0 },
        "end": { "line": 258, "column": null }
      },
      "66": {
        "start": { "line": 260, "column": 0 },
        "end": { "line": 266, "column": null }
      },
      "67": {
        "start": { "line": 268, "column": 15 },
        "end": { "line": 268, "column": 33 }
      }
    },
    "fnMap": {
      "0": {
        "name": "(anonymous_2)",
        "decl": {
          "start": { "line": 20, "column": 37 },
          "end": { "line": 20, "column": null }
        },
        "loc": {
          "start": { "line": 32, "column": 7 },
          "end": { "line": 243, "column": 3 }
        }
      },
      "1": {
        "name": "(anonymous_3)",
        "decl": {
          "start": { "line": 40, "column": 20 },
          "end": { "line": 40, "column": 24 }
        },
        "loc": {
          "start": { "line": 40, "column": 33 },
          "end": { "line": 50, "column": 5 }
        }
      },
      "2": {
        "name": "(anonymous_4)",
        "decl": {
          "start": { "line": 53, "column": 20 },
          "end": { "line": 53, "column": 30 }
        },
        "loc": {
          "start": { "line": 53, "column": 39 },
          "end": { "line": 72, "column": 5 }
        }
      },
      "3": {
        "name": "(anonymous_5)",
        "decl": {
          "start": { "line": 63, "column": 48 },
          "end": { "line": 63, "column": 51 }
        },
        "loc": {
          "start": { "line": 63, "column": 59 },
          "end": { "line": 65, "column": 9 }
        }
      },
      "4": {
        "name": "(anonymous_6)",
        "decl": {
          "start": { "line": 75, "column": 38 },
          "end": { "line": 75, "column": 45 }
        },
        "loc": {
          "start": { "line": 75, "column": 45 },
          "end": { "line": 115, "column": 5 }
        }
      },
      "5": {
        "name": "(anonymous_7)",
        "decl": {
          "start": { "line": 77, "column": 36 },
          "end": { "line": 77, "column": 38 }
        },
        "loc": {
          "start": { "line": 77, "column": 52 },
          "end": { "line": 87, "column": 7 }
        }
      },
      "6": {
        "name": "(anonymous_8)",
        "decl": {
          "start": { "line": 81, "column": 30 },
          "end": { "line": 81, "column": 32 }
        },
        "loc": {
          "start": { "line": 81, "column": 42 },
          "end": { "line": 83, "column": 13 }
        }
      },
      "7": {
        "name": "(anonymous_9)",
        "decl": {
          "start": { "line": 89, "column": 41 },
          "end": { "line": 89, "column": 43 }
        },
        "loc": {
          "start": { "line": 89, "column": 58 },
          "end": { "line": 94, "column": 7 }
        }
      },
      "8": {
        "name": "(anonymous_10)",
        "decl": {
          "start": { "line": 95, "column": 36 },
          "end": { "line": 95, "column": 38 }
        },
        "loc": {
          "start": { "line": 95, "column": 53 },
          "end": { "line": 112, "column": 7 }
        }
      },
      "9": {
        "name": "(anonymous_11)",
        "decl": {
          "start": { "line": 101, "column": 40 },
          "end": { "line": 101, "column": 42 }
        },
        "loc": {
          "start": { "line": 101, "column": 51 },
          "end": { "line": 109, "column": 17 }
        }
      },
      "10": {
        "name": "(anonymous_12)",
        "decl": {
          "start": { "line": 117, "column": 27 },
          "end": { "line": 117, "column": 35 }
        },
        "loc": {
          "start": { "line": 117, "column": 35 },
          "end": { "line": 121, "column": 5 }
        }
      },
      "11": {
        "name": "(anonymous_13)",
        "decl": {
          "start": { "line": 123, "column": 13 },
          "end": { "line": 123, "column": 20 }
        },
        "loc": {
          "start": { "line": 123, "column": 20 },
          "end": { "line": 125, "column": 5 }
        }
      },
      "12": {
        "name": "(anonymous_14)",
        "decl": {
          "start": { "line": 135, "column": 19 },
          "end": { "line": 135, "column": 22 }
        },
        "loc": {
          "start": { "line": 135, "column": 29 },
          "end": { "line": 141, "column": 11 }
        }
      },
      "13": {
        "name": "(anonymous_15)",
        "decl": {
          "start": { "line": 144, "column": 23 },
          "end": { "line": 144, "column": 25 }
        },
        "loc": {
          "start": { "line": 144, "column": 38 },
          "end": { "line": 226, "column": 13 }
        }
      },
      "14": {
        "name": "(anonymous_16)",
        "decl": {
          "start": { "line": 158, "column": 48 },
          "end": { "line": 158, "column": 50 }
        },
        "loc": {
          "start": { "line": 158, "column": 60 },
          "end": { "line": 173, "column": 23 }
        }
      },
      "15": {
        "name": "(anonymous_17)",
        "decl": {
          "start": { "line": 165, "column": 36 },
          "end": { "line": 165, "column": 39 }
        },
        "loc": {
          "start": { "line": 165, "column": 48 },
          "end": { "line": 167, "column": 29 }
        }
      },
      "16": {
        "name": "(anonymous_18)",
        "decl": {
          "start": { "line": 168, "column": 36 },
          "end": { "line": 168, "column": 39 }
        },
        "loc": {
          "start": { "line": 168, "column": 48 },
          "end": { "line": 170, "column": 29 }
        }
      },
      "17": {
        "name": "(anonymous_19)",
        "decl": {
          "start": { "line": 197, "column": 30 },
          "end": { "line": 197, "column": 33 }
        },
        "loc": {
          "start": { "line": 197, "column": 42 },
          "end": { "line": 199, "column": 23 }
        }
      },
      "18": {
        "name": "(anonymous_20)",
        "decl": {
          "start": { "line": 200, "column": 30 },
          "end": { "line": 200, "column": 33 }
        },
        "loc": {
          "start": { "line": 200, "column": 42 },
          "end": { "line": 202, "column": 23 }
        }
      },
      "19": {
        "name": "(anonymous_21)",
        "decl": {
          "start": { "line": 217, "column": 28 },
          "end": { "line": 217, "column": 31 }
        },
        "loc": {
          "start": { "line": 217, "column": 40 },
          "end": { "line": 219, "column": 21 }
        }
      },
      "20": {
        "name": "(anonymous_22)",
        "decl": {
          "start": { "line": 220, "column": 28 },
          "end": { "line": 220, "column": 31 }
        },
        "loc": {
          "start": { "line": 220, "column": 40 },
          "end": { "line": 222, "column": 21 }
        }
      },
      "21": {
        "name": "(anonymous_23)",
        "decl": {
          "start": { "line": 234, "column": 20 },
          "end": { "line": 234, "column": null }
        },
        "loc": {
          "start": { "line": 235, "column": 19 },
          "end": { "line": 238, "column": 13 }
        }
      },
      "22": {
        "name": "(anonymous_24)",
        "decl": {
          "start": { "line": 265, "column": 9 },
          "end": { "line": 265, "column": 17 }
        },
        "loc": {
          "start": { "line": 265, "column": 17 },
          "end": { "line": 265, "column": 19 }
        }
      }
    },
    "branchMap": {
      "0": {
        "loc": {
          "start": { "line": 62, "column": 6 },
          "end": { "line": 71, "column": 7 }
        },
        "type": "if",
        "locations": [
          {
            "start": { "line": 62, "column": 6 },
            "end": { "line": 71, "column": 7 }
          },
          {
            "start": { "line": 66, "column": 13 },
            "end": { "line": 71, "column": 7 }
          }
        ]
      },
      "1": {
        "loc": {
          "start": { "line": 78, "column": 8 },
          "end": { "line": 85, "column": 9 }
        },
        "type": "if",
        "locations": [
          {
            "start": { "line": 78, "column": 8 },
            "end": { "line": 85, "column": 9 }
          }
        ]
      },
      "2": {
        "loc": {
          "start": { "line": 99, "column": 12 },
          "end": { "line": 110, "column": null }
        },
        "type": "cond-expr",
        "locations": [
          {
            "start": { "line": 101, "column": 16 },
            "end": { "line": 109, "column": null }
          },
          {
            "start": { "line": 110, "column": 16 },
            "end": { "line": 110, "column": null }
          }
        ]
      },
      "3": {
        "loc": {
          "start": { "line": 99, "column": 12 },
          "end": { "line": 100, "column": 43 }
        },
        "type": "binary-expr",
        "locations": [
          {
            "start": { "line": 99, "column": 12 },
            "end": { "line": 99, "column": null }
          },
          {
            "start": { "line": 100, "column": 12 },
            "end": { "line": 100, "column": 43 }
          }
        ]
      },
      "4": {
        "loc": {
          "start": { "line": 102, "column": 18 },
          "end": { "line": 107, "column": 19 }
        },
        "type": "if",
        "locations": [
          {
            "start": { "line": 102, "column": 18 },
            "end": { "line": 107, "column": 19 }
          }
        ]
      },
      "5": {
        "loc": {
          "start": { "line": 136, "column": 12 },
          "end": { "line": 140, "column": 13 }
        },
        "type": "if",
        "locations": [
          {
            "start": { "line": 136, "column": 12 },
            "end": { "line": 140, "column": 13 }
          }
        ]
      },
      "6": {
        "loc": {
          "start": { "line": 137, "column": 14 },
          "end": { "line": 139, "column": 15 }
        },
        "type": "if",
        "locations": [
          {
            "start": { "line": 137, "column": 14 },
            "end": { "line": 139, "column": 15 }
          }
        ]
      },
      "7": {
        "loc": {
          "start": { "line": 145, "column": 14 },
          "end": { "line": 177, "column": 15 }
        },
        "type": "if",
        "locations": [
          {
            "start": { "line": 145, "column": 14 },
            "end": { "line": 177, "column": 15 }
          }
        ]
      },
      "8": {
        "loc": {
          "start": { "line": 159, "column": 30 },
          "end": { "line": 172, "column": 32 }
        },
        "type": "cond-expr",
        "locations": [
          {
            "start": { "line": 159, "column": 44 },
            "end": { "line": 172, "column": 32 }
          },
          {
            "start": { "line": 172, "column": 28 },
            "end": { "line": 172, "column": 32 }
          }
        ]
      },
      "9": {
        "loc": {
          "start": { "line": 178, "column": 14 },
          "end": { "line": 208, "column": 15 }
        },
        "type": "if",
        "locations": [
          {
            "start": { "line": 178, "column": 14 },
            "end": { "line": 208, "column": 15 }
          }
        ]
      },
      "10": {
        "loc": {
          "start": { "line": 196, "column": 30 },
          "end": { "line": 196, "column": 63 }
        },
        "type": "binary-expr",
        "locations": [
          {
            "start": { "line": 196, "column": 30 },
            "end": { "line": 196, "column": 59 }
          },
          {
            "start": { "line": 196, "column": 59 },
            "end": { "line": 196, "column": 63 }
          }
        ]
      },
      "11": {
        "loc": {
          "start": { "line": 234, "column": 12 },
          "end": { "line": 238, "column": null }
        },
        "type": "binary-expr",
        "locations": [
          {
            "start": { "line": 234, "column": 12 },
            "end": { "line": 234, "column": 20 }
          },
          {
            "start": { "line": 234, "column": 20 },
            "end": { "line": 238, "column": 13 }
          }
        ]
      }
    },
    "s": {
      "0": 1,
      "1": 1,
      "2": 1,
      "3": 1,
      "4": 1,
      "5": 1,
      "6": 1,
      "7": 1,
      "8": 1,
      "9": 4,
      "10": 4,
      "11": 4,
      "12": 4,
      "13": 4,
      "14": 2,
      "15": 2,
      "16": 2,
      "17": 2,
      "18": 4,
      "19": 1,
      "20": 1,
      "21": 1,
      "22": 0,
      "23": 0,
      "24": 0,
      "25": 0,
      "26": 0,
      "27": 4,
      "28": 2,
      "29": 16,
      "30": 0,
      "31": 0,
      "32": 16,
      "33": 2,
      "34": 16,
      "35": 2,
      "36": 16,
      "37": 0,
      "38": 0,
      "39": 0,
      "40": 2,
      "41": 2,
      "42": 4,
      "43": 0,
      "44": 4,
      "45": 2,
      "46": 0,
      "47": 0,
      "48": 0,
      "49": 32,
      "50": 0,
      "51": 0,
      "52": 0,
      "53": 0,
      "54": 0,
      "55": 32,
      "56": 0,
      "57": 0,
      "58": 0,
      "59": 0,
      "60": 32,
      "61": 32,
      "62": 0,
      "63": 0,
      "64": 0,
      "65": 1,
      "66": 1,
      "67": 1
    },
    "f": {
      "0": 4,
      "1": 2,
      "2": 1,
      "3": 0,
      "4": 2,
      "5": 16,
      "6": 0,
      "7": 16,
      "8": 16,
      "9": 0,
      "10": 0,
      "11": 2,
      "12": 0,
      "13": 32,
      "14": 0,
      "15": 0,
      "16": 0,
      "17": 0,
      "18": 0,
      "19": 32,
      "20": 0,
      "21": 0,
      "22": 0
    },
    "b": {
      "0": [1, 0],
      "1": [0],
      "2": [0, 16],
      "3": [16, 0],
      "4": [0],
      "5": [0],
      "6": [0],
      "7": [0],
      "8": [0, 0],
      "9": [0],
      "10": [0, 0],
      "11": [4, 4]
    }
  },
  "/home/paul/Documents/projects/entourage-job-front/src/components/forms/GenericField.js": {
    "path": "/home/paul/Documents/projects/entourage-job-front/src/components/forms/GenericField.js",
    "statementMap": {
      "0": {
        "start": { "line": 1, "column": 25 },
        "end": { "line": 1, "column": null }
      },
      "1": {
        "start": { "line": 2, "column": 54 },
        "end": { "line": 2, "column": null }
      },
      "2": {
        "start": { "line": 3, "column": 44 },
        "end": { "line": 3, "column": null }
      },
      "3": {
        "start": { "line": 4, "column": 34 },
        "end": { "line": 4, "column": null }
      },
      "4": {
        "start": { "line": 5, "column": 52 },
        "end": { "line": 5, "column": null }
      },
      "5": {
        "start": { "line": 6, "column": 63 },
        "end": { "line": 6, "column": null }
      },
      "6": {
        "start": { "line": 7, "column": 55 },
        "end": { "line": 7, "column": null }
      },
      "7": {
        "start": { "line": 8, "column": 59 },
        "end": { "line": 8, "column": null }
      },
      "8": {
        "start": { "line": 9, "column": 59 },
        "end": { "line": 9, "column": null }
      },
      "9": {
        "start": { "line": 10, "column": 53 },
        "end": { "line": 10, "column": null }
      },
      "10": {
        "start": { "line": 11, "column": 86 },
        "end": { "line": 11, "column": null }
      },
      "11": {
        "start": { "line": 12, "column": 49 },
        "end": { "line": 12, "column": null }
      },
      "12": {
        "start": { "line": 13, "column": 46 },
        "end": { "line": 13, "column": null }
      },
      "13": {
        "start": { "line": 14, "column": 63 },
        "end": { "line": 14, "column": null }
      },
      "14": {
        "start": { "line": 18, "column": 18 },
        "end": { "line": 379, "column": 2 }
      },
      "15": {
        "start": { "line": 26, "column": 22 },
        "end": { "line": 39, "column": 3 }
      },
      "16": {
        "start": { "line": 27, "column": 17 },
        "end": { "line": 27, "column": 24 }
      },
      "17": {
        "start": { "line": 28, "column": 4 },
        "end": { "line": 37, "column": 5 }
      },
      "18": {
        "start": { "line": 29, "column": 6 },
        "end": { "line": 36, "column": null }
      },
      "19": {
        "start": { "line": 32, "column": 10 },
        "end": { "line": 34, "column": null }
      },
      "20": {
        "start": { "line": 38, "column": 4 },
        "end": { "line": 38, "column": null }
      },
      "21": {
        "start": { "line": 41, "column": 32 },
        "end": { "line": 49, "column": 3 }
      },
      "22": {
        "start": { "line": 42, "column": 4 },
        "end": { "line": 48, "column": null }
      },
      "23": {
        "start": { "line": 106, "column": 24 },
        "end": { "line": 106, "column": 28 }
      },
      "24": {
        "start": { "line": 107, "column": 6 },
        "end": { "line": 125, "column": 7 }
      },
      "25": {
        "start": { "line": 108, "column": 48 },
        "end": { "line": 108, "column": 61 }
      },
      "26": {
        "start": { "line": 109, "column": 8 },
        "end": { "line": 116, "column": 9 }
      },
      "27": {
        "start": { "line": 110, "column": 10 },
        "end": { "line": 115, "column": null }
      },
      "28": {
        "start": { "line": 113, "column": 14 },
        "end": { "line": 113, "column": null }
      },
      "29": {
        "start": { "line": 113, "column": 27 },
        "end": { "line": 113, "column": null }
      },
      "30": {
        "start": { "line": 114, "column": 14 },
        "end": { "line": 114, "column": null }
      },
      "31": {
        "start": { "line": 117, "column": 8 },
        "end": { "line": 124, "column": 9 }
      },
      "32": {
        "start": { "line": 118, "column": 10 },
        "end": { "line": 123, "column": null }
      },
      "33": {
        "start": { "line": 121, "column": 14 },
        "end": { "line": 121, "column": null }
      },
      "34": {
        "start": { "line": 121, "column": 27 },
        "end": { "line": 121, "column": null }
      },
      "35": {
        "start": { "line": 122, "column": 14 },
        "end": { "line": 122, "column": null }
      },
      "36": {
        "start": { "line": 127, "column": 23 },
        "end": { "line": 127, "column": 28 }
      },
      "37": {
        "start": { "line": 128, "column": 6 },
        "end": { "line": 128, "column": null }
      },
      "38": {
        "start": { "line": 128, "column": 23 },
        "end": { "line": 128, "column": null }
      },
      "39": {
        "start": { "line": 204, "column": 23 },
        "end": { "line": 204, "column": 27 }
      },
      "40": {
        "start": { "line": 205, "column": 6 },
        "end": { "line": 215, "column": 7 }
      },
      "41": {
        "start": { "line": 206, "column": 8 },
        "end": { "line": 214, "column": 9 }
      },
      "42": {
        "start": { "line": 207, "column": 10 },
        "end": { "line": 211, "column": null }
      },
      "43": {
        "start": { "line": 208, "column": 12 },
        "end": { "line": 208, "column": null }
      },
      "44": {
        "start": { "line": 213, "column": 10 },
        "end": { "line": 213, "column": null }
      },
      "45": {
        "start": { "line": 217, "column": 25 },
        "end": { "line": 217, "column": 70 }
      },
      "46": {
        "start": { "line": 245, "column": 16 },
        "end": { "line": 245, "column": null }
      },
      "47": {
        "start": { "line": 249, "column": 14 },
        "end": { "line": 249, "column": null }
      },
      "48": {
        "start": { "line": 250, "column": 14 },
        "end": { "line": 252, "column": null }
      },
      "49": {
        "start": { "line": 251, "column": 16 },
        "end": { "line": 251, "column": null }
      },
      "50": {
        "start": { "line": 264, "column": 25 },
        "end": { "line": 264, "column": 70 }
      },
      "51": {
        "start": { "line": 292, "column": 16 },
        "end": { "line": 292, "column": null }
      },
      "52": {
        "start": { "line": 305, "column": 25 },
        "end": { "line": 305, "column": 64 }
      },
      "53": {
        "start": { "line": 307, "column": 29 },
        "end": { "line": 309, "column": 7 }
      },
      "54": {
        "start": { "line": 311, "column": 31 },
        "end": { "line": 313, "column": 7 }
      },
      "55": {
        "start": { "line": 314, "column": 25 },
        "end": { "line": 314, "column": 70 }
      },
      "56": {
        "start": { "line": 333, "column": 14 },
        "end": { "line": 333, "column": null }
      },
      "57": {
        "start": { "line": 349, "column": 16 },
        "end": { "line": 349, "column": null }
      },
      "58": {
        "start": { "line": 377, "column": 7 },
        "end": { "line": 377, "column": 59 }
      },
      "59": {
        "start": { "line": 381, "column": 1 },
        "end": { "line": 397, "column": null }
      },
      "60": {
        "start": { "line": 399, "column": 1 },
        "end": { "line": 401, "column": null }
      },
      "61": {
        "start": { "line": 403, "column": 16 },
        "end": { "line": 403, "column": 28 }
      }
    },
    "fnMap": {
      "0": {
        "name": "(anonymous_2)",
        "decl": {
          "start": { "line": 18, "column": 18 },
          "end": { "line": 18, "column": 22 }
        },
        "loc": {
          "start": { "line": 25, "column": 6 },
          "end": { "line": 379, "column": 2 }
        }
      },
      "1": {
        "name": "(anonymous_3)",
        "decl": {
          "start": { "line": 26, "column": 22 },
          "end": { "line": 26, "column": 26 }
        },
        "loc": {
          "start": { "line": 26, "column": 36 },
          "end": { "line": 39, "column": 3 }
        }
      },
      "2": {
        "name": "(anonymous_4)",
        "decl": {
          "start": { "line": 31, "column": 33 },
          "end": { "line": 31, "column": 35 }
        },
        "loc": {
          "start": { "line": 31, "column": 45 },
          "end": { "line": 35, "column": 9 }
        }
      },
      "3": {
        "name": "(anonymous_5)",
        "decl": {
          "start": { "line": 41, "column": 32 },
          "end": { "line": 41, "column": 36 }
        },
        "loc": {
          "start": { "line": 41, "column": 46 },
          "end": { "line": 49, "column": 3 }
        }
      },
      "4": {
        "name": "(anonymous_6)",
        "decl": {
          "start": { "line": 112, "column": 16 },
          "end": { "line": 112, "column": 18 }
        },
        "loc": {
          "start": { "line": 112, "column": 27 },
          "end": { "line": 115, "column": 13 }
        }
      },
      "5": {
        "name": "(anonymous_7)",
        "decl": {
          "start": { "line": 120, "column": 16 },
          "end": { "line": 120, "column": 18 }
        },
        "loc": {
          "start": { "line": 120, "column": 27 },
          "end": { "line": 123, "column": 13 }
        }
      },
      "6": {
        "name": "(anonymous_8)",
        "decl": {
          "start": { "line": 207, "column": 34 },
          "end": { "line": 207, "column": 36 }
        },
        "loc": {
          "start": { "line": 207, "column": 42 },
          "end": { "line": 209, "column": 11 }
        }
      },
      "7": {
        "name": "(anonymous_9)",
        "decl": {
          "start": { "line": 243, "column": 35 },
          "end": { "line": 243, "column": null }
        },
        "loc": {
          "start": { "line": 244, "column": 21 },
          "end": { "line": 246, "column": 15 }
        }
      },
      "8": {
        "name": "(anonymous_10)",
        "decl": {
          "start": { "line": 248, "column": 23 },
          "end": { "line": 248, "column": 26 }
        },
        "loc": {
          "start": { "line": 248, "column": 51 },
          "end": { "line": 253, "column": 13 }
        }
      },
      "9": {
        "name": "(anonymous_11)",
        "decl": {
          "start": { "line": 250, "column": 44 },
          "end": { "line": 250, "column": 51 }
        },
        "loc": {
          "start": { "line": 250, "column": 51 },
          "end": { "line": 252, "column": 15 }
        }
      },
      "10": {
        "name": "(anonymous_12)",
        "decl": {
          "start": { "line": 290, "column": 35 },
          "end": { "line": 290, "column": null }
        },
        "loc": {
          "start": { "line": 291, "column": 21 },
          "end": { "line": 293, "column": 15 }
        }
      },
      "11": {
        "name": "(anonymous_13)",
        "decl": {
          "start": { "line": 307, "column": 29 },
          "end": { "line": 307, "column": 33 }
        },
        "loc": {
          "start": { "line": 307, "column": 43 },
          "end": { "line": 309, "column": 7 }
        }
      },
      "12": {
        "name": "(anonymous_14)",
        "decl": {
          "start": { "line": 332, "column": 29 },
          "end": { "line": 332, "column": 32 }
        },
        "loc": {
          "start": { "line": 332, "column": 46 },
          "end": { "line": 334, "column": null }
        }
      },
      "13": {
        "name": "(anonymous_15)",
        "decl": {
          "start": { "line": 347, "column": 35 },
          "end": { "line": 347, "column": null }
        },
        "loc": {
          "start": { "line": 348, "column": 21 },
          "end": { "line": 350, "column": 16 }
        }
      }
    },
    "branchMap": {
      "0": {
        "loc": {
          "start": { "line": 28, "column": 4 },
          "end": { "line": 37, "column": 5 }
        },
        "type": "if",
        "locations": [
          {
            "start": { "line": 28, "column": 4 },
            "end": { "line": 37, "column": 5 }
          }
        ]
      },
      "1": {
        "loc": {
          "start": { "line": 52, "column": 4 },
          "end": { "line": 70, "column": 5 }
        },
        "type": "switch",
        "locations": [
          {
            "start": { "line": 52, "column": 4 },
            "end": { "line": 70, "column": 5 }
          },
          {
            "start": { "line": 71, "column": 4 },
            "end": { "line": 87, "column": 5 }
          },
          {
            "start": { "line": 88, "column": 4 },
            "end": { "line": 103, "column": 5 }
          },
          {
            "start": { "line": 105, "column": 4 },
            "end": { "line": 144, "column": 5 }
          },
          {
            "start": { "line": 146, "column": 4 },
            "end": { "line": 163, "column": 5 }
          },
          {
            "start": { "line": 164, "column": 4 },
            "end": { "line": 177, "column": 5 }
          },
          {
            "start": { "line": 178, "column": 4 },
            "end": { "line": 202, "column": 5 }
          },
          {
            "start": { "line": 203, "column": 4 },
            "end": { "line": 262, "column": 5 }
          },
          {
            "start": { "line": 263, "column": 4 },
            "end": { "line": 303, "column": 5 }
          },
          {
            "start": { "line": 304, "column": 4 },
            "end": { "line": 360, "column": 6 }
          },
          {
            "start": { "line": 362, "column": 5 },
            "end": { "line": 368, "column": 6 }
          },
          {
            "start": { "line": 369, "column": 5 },
            "end": { "line": 375, "column": 6 }
          }
        ]
      },
      "2": {
        "loc": {
          "start": { "line": 58, "column": 17 },
          "end": { "line": 58, "column": 77 }
        },
        "type": "cond-expr",
        "locations": [
          {
            "start": { "line": 58, "column": 37 },
            "end": { "line": 58, "column": 67 }
          },
          {
            "start": { "line": 58, "column": 67 },
            "end": { "line": 58, "column": 77 }
          }
        ]
      },
      "3": {
        "loc": {
          "start": { "line": 63, "column": 20 },
          "end": { "line": 63, "column": 73 }
        },
        "type": "cond-expr",
        "locations": [
          {
            "start": { "line": 63, "column": 35 },
            "end": { "line": 63, "column": 60 }
          },
          {
            "start": { "line": 63, "column": 60 },
            "end": { "line": 63, "column": 73 }
          }
        ]
      },
      "4": {
        "loc": {
          "start": { "line": 64, "column": 18 },
          "end": { "line": 64, "column": 63 }
        },
        "type": "cond-expr",
        "locations": [
          {
            "start": { "line": 64, "column": 30 },
            "end": { "line": 64, "column": 52 }
          },
          {
            "start": { "line": 64, "column": 52 },
            "end": { "line": 64, "column": 63 }
          }
        ]
      },
      "5": {
        "loc": {
          "start": { "line": 77, "column": 17 },
          "end": { "line": 77, "column": 77 }
        },
        "type": "cond-expr",
        "locations": [
          {
            "start": { "line": 77, "column": 37 },
            "end": { "line": 77, "column": 67 }
          },
          {
            "start": { "line": 77, "column": 67 },
            "end": { "line": 77, "column": 77 }
          }
        ]
      },
      "6": {
        "loc": {
          "start": { "line": 82, "column": 20 },
          "end": { "line": 82, "column": 73 }
        },
        "type": "cond-expr",
        "locations": [
          {
            "start": { "line": 82, "column": 35 },
            "end": { "line": 82, "column": 60 }
          },
          {
            "start": { "line": 82, "column": 60 },
            "end": { "line": 82, "column": 73 }
          }
        ]
      },
      "7": {
        "loc": {
          "start": { "line": 83, "column": 18 },
          "end": { "line": 83, "column": 63 }
        },
        "type": "cond-expr",
        "locations": [
          {
            "start": { "line": 83, "column": 30 },
            "end": { "line": 83, "column": 52 }
          },
          {
            "start": { "line": 83, "column": 52 },
            "end": { "line": 83, "column": 63 }
          }
        ]
      },
      "8": {
        "loc": {
          "start": { "line": 93, "column": 17 },
          "end": { "line": 93, "column": 77 }
        },
        "type": "cond-expr",
        "locations": [
          {
            "start": { "line": 93, "column": 37 },
            "end": { "line": 93, "column": 67 }
          },
          {
            "start": { "line": 93, "column": 67 },
            "end": { "line": 93, "column": 77 }
          }
        ]
      },
      "9": {
        "loc": {
          "start": { "line": 99, "column": 20 },
          "end": { "line": 99, "column": 73 }
        },
        "type": "cond-expr",
        "locations": [
          {
            "start": { "line": 99, "column": 35 },
            "end": { "line": 99, "column": 60 }
          },
          {
            "start": { "line": 99, "column": 60 },
            "end": { "line": 99, "column": 73 }
          }
        ]
      },
      "10": {
        "loc": {
          "start": { "line": 100, "column": 18 },
          "end": { "line": 100, "column": 63 }
        },
        "type": "cond-expr",
        "locations": [
          {
            "start": { "line": 100, "column": 30 },
            "end": { "line": 100, "column": 52 }
          },
          {
            "start": { "line": 100, "column": 52 },
            "end": { "line": 100, "column": 63 }
          }
        ]
      },
      "11": {
        "loc": {
          "start": { "line": 107, "column": 6 },
          "end": { "line": 125, "column": 7 }
        },
        "type": "if",
        "locations": [
          {
            "start": { "line": 107, "column": 6 },
            "end": { "line": 125, "column": 7 }
          }
        ]
      },
      "12": {
        "loc": {
          "start": { "line": 109, "column": 8 },
          "end": { "line": 116, "column": 9 }
        },
        "type": "if",
        "locations": [
          {
            "start": { "line": 109, "column": 8 },
            "end": { "line": 116, "column": 9 }
          }
        ]
      },
      "13": {
        "loc": {
          "start": { "line": 113, "column": 14 },
          "end": { "line": 113, "column": null }
        },
        "type": "if",
        "locations": [
          {
            "start": { "line": 113, "column": 14 },
            "end": { "line": 113, "column": null }
          }
        ]
      },
      "14": {
        "loc": {
          "start": { "line": 117, "column": 8 },
          "end": { "line": 124, "column": 9 }
        },
        "type": "if",
        "locations": [
          {
            "start": { "line": 117, "column": 8 },
            "end": { "line": 124, "column": 9 }
          }
        ]
      },
      "15": {
        "loc": {
          "start": { "line": 121, "column": 14 },
          "end": { "line": 121, "column": null }
        },
        "type": "if",
        "locations": [
          {
            "start": { "line": 121, "column": 14 },
            "end": { "line": 121, "column": null }
          }
        ]
      },
      "16": {
        "loc": {
          "start": { "line": 128, "column": 6 },
          "end": { "line": 128, "column": null }
        },
        "type": "if",
        "locations": [
          {
            "start": { "line": 128, "column": 6 },
            "end": { "line": 128, "column": null }
          }
        ]
      },
      "17": {
        "loc": {
          "start": { "line": 135, "column": 17 },
          "end": { "line": 135, "column": 77 }
        },
        "type": "cond-expr",
        "locations": [
          {
            "start": { "line": 135, "column": 37 },
            "end": { "line": 135, "column": 67 }
          },
          {
            "start": { "line": 135, "column": 67 },
            "end": { "line": 135, "column": 77 }
          }
        ]
      },
      "18": {
        "loc": {
          "start": { "line": 140, "column": 20 },
          "end": { "line": 140, "column": 73 }
        },
        "type": "cond-expr",
        "locations": [
          {
            "start": { "line": 140, "column": 35 },
            "end": { "line": 140, "column": 60 }
          },
          {
            "start": { "line": 140, "column": 60 },
            "end": { "line": 140, "column": 73 }
          }
        ]
      },
      "19": {
        "loc": {
          "start": { "line": 141, "column": 18 },
          "end": { "line": 141, "column": 63 }
        },
        "type": "cond-expr",
        "locations": [
          {
            "start": { "line": 141, "column": 30 },
            "end": { "line": 141, "column": 52 }
          },
          {
            "start": { "line": 141, "column": 52 },
            "end": { "line": 141, "column": 63 }
          }
        ]
      },
      "20": {
        "loc": {
          "start": { "line": 152, "column": 17 },
          "end": { "line": 152, "column": 77 }
        },
        "type": "cond-expr",
        "locations": [
          {
            "start": { "line": 152, "column": 37 },
            "end": { "line": 152, "column": 67 }
          },
          {
            "start": { "line": 152, "column": 67 },
            "end": { "line": 152, "column": 77 }
          }
        ]
      },
      "21": {
        "loc": {
          "start": { "line": 158, "column": 20 },
          "end": { "line": 158, "column": 73 }
        },
        "type": "cond-expr",
        "locations": [
          {
            "start": { "line": 158, "column": 35 },
            "end": { "line": 158, "column": 60 }
          },
          {
            "start": { "line": 158, "column": 60 },
            "end": { "line": 158, "column": 73 }
          }
        ]
      },
      "22": {
        "loc": {
          "start": { "line": 159, "column": 18 },
          "end": { "line": 159, "column": 63 }
        },
        "type": "cond-expr",
        "locations": [
          {
            "start": { "line": 159, "column": 30 },
            "end": { "line": 159, "column": 52 }
          },
          {
            "start": { "line": 159, "column": 52 },
            "end": { "line": 159, "column": 63 }
          }
        ]
      },
      "23": {
        "loc": {
          "start": { "line": 169, "column": 17 },
          "end": { "line": 169, "column": 77 }
        },
        "type": "cond-expr",
        "locations": [
          {
            "start": { "line": 169, "column": 37 },
            "end": { "line": 169, "column": 67 }
          },
          {
            "start": { "line": 169, "column": 67 },
            "end": { "line": 169, "column": 77 }
          }
        ]
      },
      "24": {
        "loc": {
          "start": { "line": 173, "column": 20 },
          "end": { "line": 173, "column": 73 }
        },
        "type": "cond-expr",
        "locations": [
          {
            "start": { "line": 173, "column": 35 },
            "end": { "line": 173, "column": 60 }
          },
          {
            "start": { "line": 173, "column": 60 },
            "end": { "line": 173, "column": 73 }
          }
        ]
      },
      "25": {
        "loc": {
          "start": { "line": 174, "column": 18 },
          "end": { "line": 174, "column": 63 }
        },
        "type": "cond-expr",
        "locations": [
          {
            "start": { "line": 174, "column": 30 },
            "end": { "line": 174, "column": 52 }
          },
          {
            "start": { "line": 174, "column": 52 },
            "end": { "line": 174, "column": 63 }
          }
        ]
      },
      "26": {
        "loc": {
          "start": { "line": 198, "column": 20 },
          "end": { "line": 198, "column": 73 }
        },
        "type": "cond-expr",
        "locations": [
          {
            "start": { "line": 198, "column": 35 },
            "end": { "line": 198, "column": 60 }
          },
          {
            "start": { "line": 198, "column": 60 },
            "end": { "line": 198, "column": 73 }
          }
        ]
      },
      "27": {
        "loc": {
          "start": { "line": 199, "column": 18 },
          "end": { "line": 199, "column": 63 }
        },
        "type": "cond-expr",
        "locations": [
          {
            "start": { "line": 199, "column": 30 },
            "end": { "line": 199, "column": 52 }
          },
          {
            "start": { "line": 199, "column": 52 },
            "end": { "line": 199, "column": 63 }
          }
        ]
      },
      "28": {
        "loc": {
          "start": { "line": 205, "column": 6 },
          "end": { "line": 215, "column": 7 }
        },
        "type": "if",
        "locations": [
          {
            "start": { "line": 205, "column": 6 },
            "end": { "line": 215, "column": 7 }
          }
        ]
      },
      "29": {
        "loc": {
          "start": { "line": 206, "column": 8 },
          "end": { "line": 214, "column": 9 }
        },
        "type": "if",
        "locations": [
          {
            "start": { "line": 206, "column": 8 },
            "end": { "line": 214, "column": 9 }
          },
          {
            "start": { "line": 212, "column": 15 },
            "end": { "line": 214, "column": 9 }
          }
        ]
      },
      "30": {
        "loc": {
          "start": { "line": 207, "column": 23 },
          "end": { "line": 211, "column": null }
        },
        "type": "cond-expr",
        "locations": [
          {
            "start": { "line": 210, "column": 14 },
            "end": { "line": 210, "column": 19 }
          },
          {
            "start": { "line": 211, "column": 14 },
            "end": { "line": 211, "column": null }
          }
        ]
      },
      "31": {
        "loc": {
          "start": { "line": 213, "column": 23 },
          "end": { "line": 213, "column": 74 }
        },
        "type": "cond-expr",
        "locations": [
          {
            "start": { "line": 213, "column": 51 },
            "end": { "line": 213, "column": 69 }
          },
          {
            "start": { "line": 213, "column": 69 },
            "end": { "line": 213, "column": 74 }
          }
        ]
      },
      "32": {
        "loc": {
          "start": { "line": 217, "column": 25 },
          "end": { "line": 217, "column": 70 }
        },
        "type": "cond-expr",
        "locations": [
          {
            "start": { "line": 217, "column": 37 },
            "end": { "line": 217, "column": 59 }
          },
          {
            "start": { "line": 217, "column": 59 },
            "end": { "line": 217, "column": 70 }
          }
        ]
      },
      "33": {
        "loc": {
          "start": { "line": 222, "column": 12 },
          "end": { "line": 222, "column": null }
        },
        "type": "cond-expr",
        "locations": [
          {
            "start": { "line": 222, "column": 48 },
            "end": { "line": 222, "column": 77 }
          },
          {
            "start": { "line": 222, "column": 77 },
            "end": { "line": 222, "column": null }
          }
        ]
      },
      "34": {
        "loc": {
          "start": { "line": 224, "column": 12 },
          "end": { "line": 224, "column": null }
        },
        "type": "cond-expr",
        "locations": [
          {
            "start": { "line": 224, "column": 25 },
            "end": { "line": 224, "column": 40 }
          },
          {
            "start": { "line": 224, "column": 40 },
            "end": { "line": 224, "column": null }
          }
        ]
      },
      "35": {
        "loc": {
          "start": { "line": 227, "column": 12 },
          "end": { "line": 227, "column": 22 }
        },
        "type": "binary-expr",
        "locations": [
          {
            "start": { "line": 227, "column": 12 },
            "end": { "line": 227, "column": 22 }
          },
          {
            "start": { "line": 227, "column": 26 },
            "end": { "line": 227, "column": 43 }
          }
        ]
      },
      "36": {
        "loc": {
          "start": { "line": 229, "column": 15 },
          "end": { "line": 229, "column": 75 }
        },
        "type": "cond-expr",
        "locations": [
          {
            "start": { "line": 229, "column": 35 },
            "end": { "line": 229, "column": 65 }
          },
          {
            "start": { "line": 229, "column": 65 },
            "end": { "line": 229, "column": 75 }
          }
        ]
      },
      "37": {
        "loc": {
          "start": { "line": 235, "column": 14 },
          "end": { "line": 235, "column": 72 }
        },
        "type": "cond-expr",
        "locations": [
          {
            "start": { "line": 235, "column": 48 },
            "end": { "line": 235, "column": 52 }
          },
          {
            "start": { "line": 235, "column": 55 },
            "end": { "line": 235, "column": 72 }
          }
        ]
      },
      "38": {
        "loc": {
          "start": { "line": 241, "column": 25 },
          "end": { "line": 241, "column": null }
        },
        "type": "binary-expr",
        "locations": [
          {
            "start": { "line": 241, "column": 25 },
            "end": { "line": 241, "column": 41 }
          },
          {
            "start": { "line": 241, "column": 45 },
            "end": { "line": 241, "column": null }
          }
        ]
      },
      "39": {
        "loc": {
          "start": { "line": 243, "column": 14 },
          "end": { "line": 246, "column": null }
        },
        "type": "binary-expr",
        "locations": [
          {
            "start": { "line": 243, "column": 14 },
            "end": { "line": 243, "column": 35 }
          },
          {
            "start": { "line": 243, "column": 35 },
            "end": { "line": 246, "column": 15 }
          }
        ]
      },
      "40": {
        "loc": {
          "start": { "line": 254, "column": 24 },
          "end": { "line": 254, "column": 69 }
        },
        "type": "cond-expr",
        "locations": [
          {
            "start": { "line": 254, "column": 39 },
            "end": { "line": 254, "column": 64 }
          },
          {
            "start": { "line": 254, "column": 64 },
            "end": { "line": 254, "column": 69 }
          }
        ]
      },
      "41": {
        "loc": {
          "start": { "line": 255, "column": 22 },
          "end": { "line": 255, "column": 61 }
        },
        "type": "cond-expr",
        "locations": [
          {
            "start": { "line": 255, "column": 34 },
            "end": { "line": 255, "column": 56 }
          },
          {
            "start": { "line": 255, "column": 56 },
            "end": { "line": 255, "column": 61 }
          }
        ]
      },
      "42": {
        "loc": {
          "start": { "line": 257, "column": 27 },
          "end": { "line": 257, "column": 57 }
        },
        "type": "cond-expr",
        "locations": [
          {
            "start": { "line": 257, "column": 29 },
            "end": { "line": 257, "column": 33 }
          },
          {
            "start": { "line": 257, "column": 53 },
            "end": { "line": 257, "column": 57 }
          }
        ]
      },
      "43": {
        "loc": {
          "start": { "line": 257, "column": 27 },
          "end": { "line": 257, "column": 53 }
        },
        "type": "binary-expr",
        "locations": [
          {
            "start": { "line": 257, "column": 27 },
            "end": { "line": 257, "column": 53 }
          },
          {
            "start": { "line": 257, "column": 29 },
            "end": { "line": 257, "column": 53 }
          }
        ]
      },
      "44": {
        "loc": {
          "start": { "line": 264, "column": 25 },
          "end": { "line": 264, "column": 70 }
        },
        "type": "cond-expr",
        "locations": [
          {
            "start": { "line": 264, "column": 37 },
            "end": { "line": 264, "column": 59 }
          },
          {
            "start": { "line": 264, "column": 59 },
            "end": { "line": 264, "column": 70 }
          }
        ]
      },
      "45": {
        "loc": {
          "start": { "line": 268, "column": 12 },
          "end": { "line": 268, "column": null }
        },
        "type": "cond-expr",
        "locations": [
          {
            "start": { "line": 268, "column": 48 },
            "end": { "line": 268, "column": 77 }
          },
          {
            "start": { "line": 268, "column": 77 },
            "end": { "line": 268, "column": null }
          }
        ]
      },
      "46": {
        "loc": {
          "start": { "line": 270, "column": 12 },
          "end": { "line": 270, "column": null }
        },
        "type": "cond-expr",
        "locations": [
          {
            "start": { "line": 270, "column": 25 },
            "end": { "line": 270, "column": 40 }
          },
          {
            "start": { "line": 270, "column": 40 },
            "end": { "line": 270, "column": null }
          }
        ]
      },
      "47": {
        "loc": {
          "start": { "line": 274, "column": 12 },
          "end": { "line": 274, "column": 22 }
        },
        "type": "binary-expr",
        "locations": [
          {
            "start": { "line": 274, "column": 12 },
            "end": { "line": 274, "column": 22 }
          },
          {
            "start": { "line": 274, "column": 26 },
            "end": { "line": 274, "column": 43 }
          }
        ]
      },
      "48": {
        "loc": {
          "start": { "line": 276, "column": 15 },
          "end": { "line": 276, "column": 75 }
        },
        "type": "cond-expr",
        "locations": [
          {
            "start": { "line": 276, "column": 35 },
            "end": { "line": 276, "column": 65 }
          },
          {
            "start": { "line": 276, "column": 65 },
            "end": { "line": 276, "column": 75 }
          }
        ]
      },
      "49": {
        "loc": {
          "start": { "line": 288, "column": 25 },
          "end": { "line": 288, "column": null }
        },
        "type": "binary-expr",
        "locations": [
          {
            "start": { "line": 288, "column": 25 },
            "end": { "line": 288, "column": 41 }
          },
          {
            "start": { "line": 288, "column": 45 },
            "end": { "line": 288, "column": null }
          }
        ]
      },
      "50": {
        "loc": {
          "start": { "line": 290, "column": 14 },
          "end": { "line": 293, "column": null }
        },
        "type": "binary-expr",
        "locations": [
          {
            "start": { "line": 290, "column": 14 },
            "end": { "line": 290, "column": 35 }
          },
          {
            "start": { "line": 290, "column": 35 },
            "end": { "line": 293, "column": 15 }
          }
        ]
      },
      "51": {
        "loc": {
          "start": { "line": 296, "column": 24 },
          "end": { "line": 296, "column": 69 }
        },
        "type": "cond-expr",
        "locations": [
          {
            "start": { "line": 296, "column": 39 },
            "end": { "line": 296, "column": 64 }
          },
          {
            "start": { "line": 296, "column": 64 },
            "end": { "line": 296, "column": 69 }
          }
        ]
      },
      "52": {
        "loc": {
          "start": { "line": 297, "column": 22 },
          "end": { "line": 297, "column": 61 }
        },
        "type": "cond-expr",
        "locations": [
          {
            "start": { "line": 297, "column": 34 },
            "end": { "line": 297, "column": 56 }
          },
          {
            "start": { "line": 297, "column": 56 },
            "end": { "line": 297, "column": 61 }
          }
        ]
      },
      "53": {
        "loc": {
          "start": { "line": 298, "column": 27 },
          "end": { "line": 298, "column": 57 }
        },
        "type": "cond-expr",
        "locations": [
          {
            "start": { "line": 298, "column": 29 },
            "end": { "line": 298, "column": 33 }
          },
          {
            "start": { "line": 298, "column": 53 },
            "end": { "line": 298, "column": 57 }
          }
        ]
      },
      "54": {
        "loc": {
          "start": { "line": 298, "column": 27 },
          "end": { "line": 298, "column": 53 }
        },
        "type": "binary-expr",
        "locations": [
          {
            "start": { "line": 298, "column": 27 },
            "end": { "line": 298, "column": 53 }
          },
          {
            "start": { "line": 298, "column": 29 },
            "end": { "line": 298, "column": 53 }
          }
        ]
      },
      "55": {
        "loc": {
          "start": { "line": 305, "column": 25 },
          "end": { "line": 305, "column": 64 }
        },
        "type": "binary-expr",
        "locations": [
          {
            "start": { "line": 305, "column": 25 },
            "end": { "line": 305, "column": 37 }
          },
          {
            "start": { "line": 305, "column": 41 },
            "end": { "line": 305, "column": 64 }
          }
        ]
      },
      "56": {
        "loc": {
          "start": { "line": 312, "column": 27 },
          "end": { "line": 312, "column": 64 }
        },
        "type": "cond-expr",
        "locations": [
          {
            "start": { "line": 312, "column": 40 },
            "end": { "line": 312, "column": 57 }
          },
          {
            "start": { "line": 312, "column": 60 },
            "end": { "line": 312, "column": 64 }
          }
        ]
      },
      "57": {
        "loc": {
          "start": { "line": 314, "column": 25 },
          "end": { "line": 314, "column": 70 }
        },
        "type": "cond-expr",
        "locations": [
          {
            "start": { "line": 314, "column": 37 },
            "end": { "line": 314, "column": 59 }
          },
          {
            "start": { "line": 314, "column": 59 },
            "end": { "line": 314, "column": 70 }
          }
[...]
        "locations": [
          {
            "start": { "line": 29, "column": 2 },
            "end": { "line": 29, "column": null }
          }
        ]
      },
      "7": {
        "loc": {
          "start": { "line": 30, "column": 9 },
          "end": { "line": 30, "column": null }
        },
        "type": "cond-expr",
        "locations": [
          {
            "start": { "line": 30, "column": 32 },
            "end": { "line": 30, "column": 38 }
          },
          {
            "start": { "line": 30, "column": 38 },
            "end": { "line": 30, "column": null }
          }
        ]
      },
      "8": {
        "loc": {
          "start": { "line": 35, "column": 2 },
          "end": { "line": 45, "column": 3 }
        },
        "type": "if",
        "locations": [
          {
            "start": { "line": 35, "column": 2 },
            "end": { "line": 45, "column": 3 }
          }
        ]
      }
    },
    "s": {
      "0": 3,
      "1": 3,
      "2": 0,
      "3": 0,
      "4": 0,
      "5": 0,
      "6": 0,
      "7": 0,
      "8": 0,
      "9": 0,
      "10": 0,
      "11": 3,
      "12": 3,
      "13": 0,
      "14": 0,
      "15": 0,
      "16": 3,
      "17": 0,
      "18": 0,
      "19": 0,
      "20": 0,
      "21": 0,
      "22": 0,
      "23": 0,
      "24": 0,
      "25": 0,
      "26": 3,
      "27": 3,
      "28": 3
    },
    "f": { "0": 0, "1": 0, "2": 0, "3": 0, "4": 0 },
    "b": {
      "0": [0],
      "1": [0],
      "2": [0],
      "3": [0, 0],
      "4": [0, 0],
      "5": [0, 0],
      "6": [0],
      "7": [0, 0],
      "8": [0]
    }
  },
  "/home/paul/Documents/projects/entourage-job-front/src/utils/Mutating.js": {
    "path": "/home/paul/Documents/projects/entourage-job-front/src/utils/Mutating.js",
    "statementMap": {
      "0": {
        "start": { "line": 1, "column": 44 },
        "end": { "line": 1, "column": null }
      },
      "1": {
        "start": { "line": 2, "column": 51 },
        "end": { "line": 2, "column": null }
      },
      "2": {
        "start": { "line": 4, "column": 17 },
        "end": { "line": 15, "column": 1 }
      },
      "3": {
        "start": { "line": 5, "column": 16 },
        "end": { "line": 5, "column": 36 }
      },
      "4": {
        "start": { "line": 6, "column": 2 },
        "end": { "line": 13, "column": 3 }
      },
      "5": {
        "start": { "line": 7, "column": 32 },
        "end": { "line": 9, "column": null }
      },
      "6": {
        "start": { "line": 8, "column": 6 },
        "end": { "line": 8, "column": null }
      },
      "7": {
        "start": { "line": 10, "column": 4 },
        "end": { "line": 10, "column": null }
      },
      "8": {
        "start": { "line": 12, "column": 4 },
        "end": { "line": 12, "column": null }
      },
      "9": {
        "start": { "line": 14, "column": 2 },
        "end": { "line": 14, "column": null }
      },
      "10": {
        "start": { "line": 17, "column": 22 },
        "end": { "line": 67, "column": 1 }
      },
      "11": {
        "start": { "line": 18, "column": 20 },
        "end": { "line": 22, "column": 3 }
      },
      "12": {
        "start": { "line": 24, "column": 2 },
        "end": { "line": 64, "column": null }
      },
      "13": {
        "start": { "line": 25, "column": 18 },
        "end": { "line": 25, "column": 23 }
      },
      "14": {
        "start": { "line": 26, "column": 26 },
        "end": { "line": 40, "column": null }
      },
      "15": {
        "start": { "line": 27, "column": 6 },
        "end": { "line": 29, "column": 7 }
      },
      "16": {
        "start": { "line": 28, "column": 8 },
        "end": { "line": 28, "column": null }
      },
      "17": {
        "start": { "line": 30, "column": 6 },
        "end": { "line": 38, "column": 7 }
      },
      "18": {
        "start": { "line": 31, "column": 35 },
        "end": { "line": 33, "column": null }
      },
      "19": {
        "start": { "line": 32, "column": 10 },
        "end": { "line": 32, "column": null }
      },
      "20": {
        "start": { "line": 34, "column": 8 },
        "end": { "line": 37, "column": 9 }
      },
      "21": {
        "start": { "line": 35, "column": 10 },
        "end": { "line": 35, "column": null }
      },
      "22": {
        "start": { "line": 36, "column": 10 },
        "end": { "line": 36, "column": null }
      },
      "23": {
        "start": { "line": 39, "column": 6 },
        "end": { "line": 39, "column": null }
      },
      "24": {
        "start": { "line": 42, "column": 24 },
        "end": { "line": 47, "column": 5 }
      },
      "25": {
        "start": { "line": 49, "column": 4 },
        "end": { "line": 59, "column": 5 }
      },
      "26": {
        "start": { "line": 49, "column": 17 },
        "end": { "line": 49, "column": 18 }
      },
      "27": {
        "start": { "line": 50, "column": 6 },
        "end": { "line": 58, "column": 7 }
      },
      "28": {
        "start": { "line": 51, "column": 8 },
        "end": { "line": 54, "column": null }
      },
      "29": {
        "start": { "line": 57, "column": 8 },
        "end": { "line": 57, "column": null }
      },
      "30": {
        "start": { "line": 61, "column": 4 },
        "end": { "line": 61, "column": null }
      },
      "31": {
        "start": { "line": 63, "column": 4 },
        "end": { "line": 63, "column": null }
      },
      "32": {
        "start": { "line": 66, "column": 2 },
        "end": { "line": 66, "column": null }
      },
      "33": {
        "start": { "line": 69, "column": 36 },
        "end": { "line": 75, "column": 1 }
      },
      "34": {
        "start": { "line": 70, "column": 2 },
        "end": { "line": 74, "column": null }
      },
      "35": {
        "start": { "line": 77, "column": 30 },
        "end": { "line": 85, "column": 1 }
      },
      "36": {
        "start": { "line": 78, "column": 2 },
        "end": { "line": 84, "column": null }
      },
      "37": {
        "start": { "line": 87, "column": 9 },
        "end": { "line": 87, "column": 27 }
      },
      "38": {
        "start": { "line": 87, "column": 27 },
        "end": { "line": 87, "column": null }
      }
    },
    "fnMap": {
      "0": {
        "name": "(anonymous_0)",
        "decl": {
          "start": { "line": 4, "column": 17 },
          "end": { "line": 4, "column": 21 }
        },
        "loc": {
          "start": { "line": 4, "column": 49 },
          "end": { "line": 15, "column": 1 }
        }
      },
      "1": {
        "name": "(anonymous_1)",
        "decl": {
          "start": { "line": 7, "column": 55 },
          "end": { "line": 7, "column": 57 }
        },
        "loc": {
          "start": { "line": 7, "column": 68 },
          "end": { "line": 9, "column": 5 }
        }
      },
      "2": {
        "name": "(anonymous_2)",
        "decl": {
          "start": { "line": 17, "column": 22 },
          "end": { "line": 17, "column": 26 }
        },
        "loc": {
          "start": { "line": 17, "column": 49 },
          "end": { "line": 67, "column": 1 }
        }
      },
      "3": {
        "name": "(anonymous_3)",
        "decl": {
          "start": { "line": 24, "column": 12 },
          "end": { "line": 24, "column": 14 }
        },
        "loc": {
          "start": { "line": 24, "column": 37 },
          "end": { "line": 64, "column": 3 }
        }
      },
      "4": {
        "name": "(anonymous_4)",
        "decl": {
          "start": { "line": 26, "column": 52 },
          "end": { "line": 26, "column": 54 }
        },
        "loc": {
          "start": { "line": 26, "column": 64 },
          "end": { "line": 40, "column": 5 }
        }
      },
      "5": {
        "name": "(anonymous_5)",
        "decl": {
          "start": { "line": 31, "column": 57 },
          "end": { "line": 31, "column": 59 }
        },
        "loc": {
          "start": { "line": 31, "column": 74 },
          "end": { "line": 33, "column": 9 }
        }
      },
      "6": {
        "name": "(anonymous_6)",
        "decl": {
          "start": { "line": 69, "column": 36 },
          "end": { "line": 69, "column": 40 }
        },
        "loc": {
          "start": { "line": 69, "column": 77 },
          "end": { "line": 75, "column": 1 }
        }
      },
      "7": {
        "name": "(anonymous_7)",
        "decl": {
          "start": { "line": 77, "column": 30 },
          "end": { "line": 77, "column": 34 }
        },
        "loc": {
          "start": { "line": 77, "column": 61 },
          "end": { "line": 85, "column": 1 }
        }
      }
    },
    "branchMap": {
      "0": {
        "loc": {
          "start": { "line": 6, "column": 2 },
          "end": { "line": 13, "column": 3 }
        },
        "type": "if",
        "locations": [
          {
            "start": { "line": 6, "column": 2 },
            "end": { "line": 13, "column": 3 }
          },
          {
            "start": { "line": 11, "column": 9 },
            "end": { "line": 13, "column": 3 }
          }
        ]
      },
      "1": {
        "loc": {
          "start": { "line": 19, "column": 8 },
          "end": { "line": 19, "column": 39 }
        },
        "type": "cond-expr",
        "locations": [
          {
            "start": { "line": 19, "column": 13 },
            "end": { "line": 19, "column": 27 }
          },
          {
            "start": { "line": 19, "column": 30 },
            "end": { "line": 19, "column": 39 }
          }
        ]
      },
      "2": {
        "loc": {
          "start": { "line": 27, "column": 6 },
          "end": { "line": 29, "column": 7 }
        },
        "type": "if",
        "locations": [
          {
            "start": { "line": 27, "column": 6 },
            "end": { "line": 29, "column": 7 }
          }
        ]
      },
      "3": {
        "loc": {
          "start": { "line": 30, "column": 6 },
          "end": { "line": 38, "column": 7 }
        },
        "type": "if",
        "locations": [
          {
            "start": { "line": 30, "column": 6 },
            "end": { "line": 38, "column": 7 }
          }
        ]
      },
      "4": {
        "loc": {
          "start": { "line": 34, "column": 8 },
          "end": { "line": 37, "column": 9 }
        },
        "type": "if",
        "locations": [
          {
            "start": { "line": 34, "column": 8 },
            "end": { "line": 37, "column": 9 }
          }
        ]
      },
      "5": {
        "loc": {
          "start": { "line": 44, "column": 14 },
          "end": { "line": 46, "column": 19 }
        },
        "type": "cond-expr",
        "locations": [
          {
            "start": { "line": 45, "column": 10 },
            "end": { "line": 45, "column": 53 }
          },
          {
            "start": { "line": 46, "column": 10 },
            "end": { "line": 46, "column": 19 }
          }
        ]
      },
      "6": {
        "loc": {
          "start": { "line": 50, "column": 6 },
          "end": { "line": 58, "column": 7 }
        },
        "type": "if",
        "locations": [
          {
            "start": { "line": 50, "column": 6 },
            "end": { "line": 58, "column": 7 }
          },
          {
            "start": { "line": 56, "column": 13 },
            "end": { "line": 58, "column": 7 }
          }
        ]
      },
      "7": {
        "loc": {
          "start": { "line": 69, "column": 40 },
          "end": { "line": 69, "column": 50 }
        },
        "type": "default-arg",
        "locations": [
          {
            "start": { "line": 69, "column": 48 },
            "end": { "line": 69, "column": 50 }
          }
        ]
      },
      "8": {
        "loc": {
          "start": { "line": 69, "column": 52 },
          "end": { "line": 69, "column": 72 }
        },
        "type": "default-arg",
        "locations": [
          {
            "start": { "line": 69, "column": 70 },
            "end": { "line": 69, "column": 72 }
          }
        ]
      }
    },
    "s": {
      "0": 3,
      "1": 3,
      "2": 3,
      "3": 0,
      "4": 0,
      "5": 0,
      "6": 0,
      "7": 0,
      "8": 0,
      "9": 0,
      "10": 3,
      "11": 0,
      "12": 0,
      "13": 0,
      "14": 0,
      "15": 0,
      "16": 0,
      "17": 0,
      "18": 0,
      "19": 0,
      "20": 0,
      "21": 0,
      "22": 0,
      "23": 0,
      "24": 0,
      "25": 0,
      "26": 0,
      "27": 0,
      "28": 0,
      "29": 0,
      "30": 0,
      "31": 0,
      "32": 0,
      "33": 3,
      "34": 0,
      "35": 3,
      "36": 0,
      "37": 3,
      "38": 3
    },
    "f": { "0": 0, "1": 0, "2": 0, "3": 0, "4": 0, "5": 0, "6": 0, "7": 0 },
    "b": {
      "0": [0, 0],
      "1": [0, 0],
      "2": [0],
      "3": [0],
      "4": [0],
      "5": [0, 0],
      "6": [0, 0],
      "7": [0],
      "8": [0]
    }
  },
  "/home/paul/Documents/projects/entourage-job-front/src/utils/Prefixing.js": {
    "path": "/home/paul/Documents/projects/entourage-job-front/src/utils/Prefixing.js",
    "statementMap": {
      "0": {
        "start": { "line": 1, "column": 12 },
        "end": { "line": 1, "column": null }
      },
      "1": {
        "start": { "line": 3, "column": 15 },
        "end": { "line": 15, "column": 1 }
      },
      "2": {
        "start": { "line": 4, "column": 2 },
        "end": { "line": 13, "column": 3 }
      },
      "3": {
        "start": { "line": 11, "column": 18 },
        "end": { "line": 11, "column": null }
      },
      "4": {
        "start": { "line": 12, "column": 4 },
        "end": { "line": 12, "column": null }
      },
      "5": {
        "start": { "line": 14, "column": 2 },
        "end": { "line": 14, "column": null }
      },
      "6": {
        "start": { "line": 17, "column": 9 },
        "end": { "line": 17, "column": null }
      }
    },
    "fnMap": {
      "0": {
        "name": "(anonymous_0)",
        "decl": {
          "start": { "line": 3, "column": 15 },
          "end": { "line": 3, "column": 19 }
        },
        "loc": {
          "start": { "line": 3, "column": 28 },
          "end": { "line": 15, "column": 1 }
        }
      }
    },
    "branchMap": {
      "0": {
        "loc": {
          "start": { "line": 4, "column": 2 },
          "end": { "line": 13, "column": 3 }
        },
        "type": "if",
        "locations": [
          {
            "start": { "line": 4, "column": 2 },
            "end": { "line": 13, "column": 3 }
          }
        ]
      },
      "1": {
        "loc": {
          "start": { "line": 4, "column": 4 },
          "end": { "line": 9, "column": null }
        },
        "type": "binary-expr",
        "locations": [
          {
            "start": { "line": 4, "column": 4 },
            "end": { "line": 5, "column": 8 }
          },
          {
            "start": { "line": 6, "column": 4 },
            "end": { "line": 6, "column": 8 }
          },
          {
            "start": { "line": 6, "column": 8 },
            "end": { "line": 7, "column": null }
          },
          {
            "start": { "line": 7, "column": 28 },
            "end": { "line": 8, "column": null }
          },
          {
            "start": { "line": 9, "column": 4 },
            "end": { "line": 9, "column": null }
          }
        ]
      },
      "2": {
        "loc": {
          "start": { "line": 12, "column": 14 },
          "end": { "line": 12, "column": 42 }
        },
        "type": "binary-expr",
        "locations": [
          {
            "start": { "line": 12, "column": 14 },
            "end": { "line": 12, "column": 33 }
          },
          {
            "start": { "line": 12, "column": 37 },
            "end": { "line": 12, "column": 42 }
          }
        ]
      }
    },
    "s": { "0": 3, "1": 3, "2": 1, "3": 0, "4": 0, "5": 1, "6": 3 },
    "f": { "0": 1 },
    "b": { "0": [0], "1": [1, 0, 0, 0, 0], "2": [0, 0] }
  },
  "/home/paul/Documents/projects/entourage-job-front/src/utils/Sorting.js": {
    "path": "/home/paul/Documents/projects/entourage-job-front/src/utils/Sorting.js",
    "statementMap": {
      "0": {
        "start": { "line": 1, "column": 17 },
        "end": { "line": 7, "column": 1 }
      },
      "1": {
        "start": { "line": 2, "column": 21 },
        "end": { "line": 2, "column": null }
      },
      "2": {
        "start": { "line": 3, "column": 2 },
        "end": { "line": 5, "column": null }
      },
      "3": {
        "start": { "line": 4, "column": 4 },
        "end": { "line": 4, "column": null }
      },
      "4": {
        "start": { "line": 6, "column": 2 },
        "end": { "line": 6, "column": null }
      },
      "5": {
        "start": { "line": 9, "column": 16 },
        "end": { "line": 15, "column": 1 }
      },
      "6": {
        "start": { "line": 10, "column": 21 },
        "end": { "line": 10, "column": null }
      },
      "7": {
        "start": { "line": 11, "column": 2 },
        "end": { "line": 13, "column": null }
      },
      "8": {
        "start": { "line": 12, "column": 4 },
        "end": { "line": 12, "column": null }
      },
      "9": {
        "start": { "line": 14, "column": 2 },
        "end": { "line": 14, "column": null }
      },
      "10": {
        "start": { "line": 17, "column": 9 },
        "end": { "line": 17, "column": 22 }
      },
      "11": {
        "start": { "line": 17, "column": 22 },
        "end": { "line": 17, "column": null }
      }
    },
    "fnMap": {
      "0": {
        "name": "(anonymous_0)",
        "decl": {
          "start": { "line": 1, "column": 17 },
          "end": { "line": 1, "column": 21 }
        },
        "loc": {
          "start": { "line": 1, "column": 30 },
          "end": { "line": 7, "column": 1 }
        }
      },
      "1": {
        "name": "(anonymous_1)",
        "decl": {
          "start": { "line": 3, "column": 17 },
          "end": { "line": 3, "column": 19 }
        },
        "loc": {
          "start": { "line": 3, "column": 28 },
          "end": { "line": 5, "column": 3 }
        }
      },
      "2": {
        "name": "(anonymous_2)",
        "decl": {
          "start": { "line": 9, "column": 16 },
          "end": { "line": 9, "column": 20 }
        },
        "loc": {
          "start": { "line": 9, "column": 29 },
          "end": { "line": 15, "column": 1 }
        }
      },
      "3": {
        "name": "(anonymous_3)",
        "decl": {
          "start": { "line": 11, "column": 17 },
          "end": { "line": 11, "column": 19 }
        },
        "loc": {
          "start": { "line": 11, "column": 28 },
          "end": { "line": 13, "column": 3 }
        }
      }
    },
    "branchMap": {
      "0": {
        "loc": {
          "start": { "line": 4, "column": 11 },
          "end": { "line": 4, "column": 37 }
        },
        "type": "cond-expr",
        "locations": [
          {
            "start": { "line": 4, "column": 28 },
            "end": { "line": 4, "column": 33 }
          },
          {
            "start": { "line": 4, "column": 36 },
            "end": { "line": 4, "column": 37 }
          }
        ]
      },
      "1": {
        "loc": {
          "start": { "line": 12, "column": 11 },
          "end": { "line": 12, "column": 52 }
        },
        "type": "cond-expr",
        "locations": [
          {
            "start": { "line": 12, "column": 43 },
            "end": { "line": 12, "column": 48 }
          },
          {
            "start": { "line": 12, "column": 51 },
            "end": { "line": 12, "column": 52 }
          }
        ]
      }
    },
    "s": {
      "0": 3,
      "1": 0,
      "2": 0,
      "3": 0,
      "4": 0,
      "5": 3,
      "6": 0,
      "7": 0,
      "8": 0,
      "9": 0,
      "10": 3,
      "11": 3
    },
    "f": { "0": 0, "1": 0, "2": 0, "3": 0 },
    "b": { "0": [0, 0], "1": [0, 0] }
  }
}
