TN:
SF:src/Axios.js
FN:13,(anonymous_1)
FN:33,(anonymous_2)
FNF:2
FNH:0
FNDA:0,(anonymous_1)
FNDA:0,(anonymous_2)
DA:1,1
DA:3,1
DA:5,1
DA:13,1
DA:15,0
DA:21,0
DA:25,0
DA:27,0
DA:28,0
DA:32,0
DA:35,0
DA:38,1
LF:12
LH:5
BRDA:21,0,0,0
BRDA:22,1,0,0
BRDA:22,1,1,0
BRDA:27,2,0,0
BRF:4
BRH:0
end_of_record
TN:
SF:src/components/variables.js
FNF:0
FNH:0
DA:1,2
DA:26,2
DA:33,2
DA:34,2
DA:42,2
DA:43,2
DA:52,2
DA:53,2
DA:55,2
DA:57,2
LF:10
LH:10
BRF:0
BRH:0
end_of_record
TN:
SF:src/components/backoffice/cv/ButtonPost.js
FN:6,(anonymous_2)
FN:12,(anonymous_3)
FN:15,(anonymous_4)
FNF:3
FNH:1
FNDA:4,(anonymous_2)
FNDA:0,(anonymous_3)
FNDA:0,(anonymous_4)
DA:1,1
DA:2,1
DA:3,1
DA:4,1
DA:6,1
DA:7,4
DA:13,0
DA:14,0
DA:15,0
DA:16,0
DA:32,1
DA:39,1
DA:45,1
LF:13
LH:9
BRDA:13,0,0,0
BRDA:15,1,0,0
BRDA:15,1,1,0
BRDA:15,2,0,0
BRDA:15,2,1,0
BRDA:23,3,0,0
BRDA:26,4,0,4
BRF:7
BRH:1
end_of_record
TN:
SF:src/components/forms/FormValidator.js
FN:5,(anonymous_1)
FN:10,(anonymous_2)
FN:14,(anonymous_3)
FN:58,(anonymous_4)
FN:61,(anonymous_5)
FNF:5
FNH:1
FNDA:4,(anonymous_1)
FNDA:0,(anonymous_2)
FNDA:0,(anonymous_3)
FNDA:0,(anonymous_4)
FNDA:0,(anonymous_5)
DA:1,1
DA:2,1
DA:4,1
DA:7,4
DA:12,0
DA:14,0
DA:16,0
DA:19,0
DA:23,0
DA:25,0
DA:36,0
DA:37,0
DA:40,0
DA:41,0
DA:45,0
DA:46,0
DA:50,0
DA:54,0
DA:59,0
DA:61,0
DA:62,0
DA:64,0
LF:22
LH:4
BRDA:16,0,0,0
BRDA:20,1,0,0
BRDA:20,1,1,0
BRDA:23,2,0,0
BRDA:23,2,1,0
BRDA:25,3,0,0
BRDA:25,3,1,0
BRDA:45,4,0,0
BRF:8
BRH:0
end_of_record
TN:
SF:src/components/forms/FormValidatorErrorMessage.js
FN:4,(anonymous_1)
FNF:1
FNH:1
FNDA:32,(anonymous_1)
DA:1,1
DA:2,1
DA:4,1
DA:5,32
DA:12,32
DA:15,1
DA:19,1
DA:23,1
LF:8
LH:8
BRDA:5,0,0,0
BRF:1
BRH:0
end_of_record
TN:
SF:src/components/forms/FormWithValidation.js
FN:20,(anonymous_2)
FN:40,(anonymous_3)
FN:53,(anonymous_4)
FN:63,(anonymous_5)
FN:75,(anonymous_6)
FN:77,(anonymous_7)
FN:81,(anonymous_8)
FN:89,(anonymous_9)
FN:95,(anonymous_10)
FN:101,(anonymous_11)
FN:117,(anonymous_12)
FN:123,(anonymous_13)
FN:135,(anonymous_14)
FN:144,(anonymous_15)
FN:158,(anonymous_16)
FN:165,(anonymous_17)
FN:168,(anonymous_18)
FN:197,(anonymous_19)
FN:200,(anonymous_20)
FN:217,(anonymous_21)
FN:220,(anonymous_22)
FN:234,(anonymous_23)
FN:265,(anonymous_24)
FNF:23
FNH:10
FNDA:4,(anonymous_2)
FNDA:2,(anonymous_3)
FNDA:1,(anonymous_4)
FNDA:0,(anonymous_5)
FNDA:2,(anonymous_6)
FNDA:16,(anonymous_7)
FNDA:0,(anonymous_8)
FNDA:16,(anonymous_9)
FNDA:16,(anonymous_10)
FNDA:0,(anonymous_11)
FNDA:0,(anonymous_12)
FNDA:2,(anonymous_13)
FNDA:0,(anonymous_14)
FNDA:32,(anonymous_15)
FNDA:0,(anonymous_16)
FNDA:0,(anonymous_17)
FNDA:0,(anonymous_18)
FNDA:0,(anonymous_19)
FNDA:0,(anonymous_20)
FNDA:32,(anonymous_21)
FNDA:0,(anonymous_22)
FNDA:0,(anonymous_23)
FNDA:0,(anonymous_24)
DA:7,1
DA:8,1
DA:9,1
DA:10,1
DA:11,1
DA:12,1
DA:13,1
DA:14,1
DA:20,1
DA:33,4
DA:35,4
DA:37,4
DA:38,4
DA:40,4
DA:41,2
DA:47,2
DA:48,2
DA:49,2
DA:53,4
DA:54,1
DA:62,1
DA:63,1
DA:64,0
DA:67,0
DA:68,0
DA:69,0
DA:70,0
DA:75,4
DA:77,2
DA:78,16
DA:79,0
DA:82,0
DA:86,16
DA:89,2
DA:90,16
DA:95,2
DA:96,16
DA:102,0
DA:103,0
DA:108,0
DA:113,2
DA:114,2
DA:117,4
DA:118,0
DA:123,4
DA:124,2
DA:136,0
DA:137,0
DA:138,0
DA:145,32
DA:151,0
DA:152,0
DA:159,0
DA:166,0
DA:169,0
DA:178,32
DA:186,0
DA:187,0
DA:198,0
DA:201,0
DA:210,32
DA:218,32
DA:221,0
DA:236,0
DA:237,0
DA:246,1
DA:260,1
DA:268,1
LF:68
LH:42
BRDA:62,0,0,1
BRDA:62,0,1,0
BRDA:78,1,0,0
BRDA:99,2,0,0
BRDA:99,2,1,16
BRDA:99,3,0,16
BRDA:99,3,1,0
BRDA:102,4,0,0
BRDA:136,5,0,0
BRDA:137,6,0,0
BRDA:145,7,0,0
BRDA:159,8,0,0
BRDA:159,8,1,0
BRDA:178,9,0,0
BRDA:196,10,0,0
BRDA:196,10,1,0
BRDA:234,11,0,4
BRDA:234,11,1,4
BRF:18
BRH:5
end_of_record
TN:
SF:src/components/forms/GenericField.js
FN:18,(anonymous_2)
FN:26,(anonymous_3)
FN:31,(anonymous_4)
FN:41,(anonymous_5)
FN:112,(anonymous_6)
FN:120,(anonymous_7)
FN:207,(anonymous_8)
FN:243,(anonymous_9)
FN:248,(anonymous_10)
FN:250,(anonymous_11)
FN:290,(anonymous_12)
FN:307,(anonymous_13)
FN:332,(anonymous_14)
FN:347,(anonymous_15)
FNF:14
FNH:2
FNDA:32,(anonymous_2)
FNDA:2,(anonymous_3)
FNDA:0,(anonymous_4)
FNDA:0,(anonymous_5)
FNDA:0,(anonymous_6)
FNDA:0,(anonymous_7)
FNDA:0,(anonymous_8)
FNDA:0,(anonymous_9)
FNDA:0,(anonymous_10)
FNDA:0,(anonymous_11)
FNDA:0,(anonymous_12)
FNDA:0,(anonymous_13)
FNDA:0,(anonymous_14)
FNDA:0,(anonymous_15)
DA:1,1
DA:2,1
DA:3,1
DA:4,1
DA:5,1
DA:6,1
DA:7,1
DA:8,1
DA:9,1
DA:10,1
DA:11,1
DA:12,1
DA:13,1
DA:14,1
DA:18,1
DA:26,32
DA:27,2
DA:28,2
DA:29,0
DA:32,0
DA:38,2
DA:41,32
DA:42,0
DA:106,4
DA:107,4
DA:108,0
DA:109,0
DA:110,0
DA:113,0
DA:114,0
DA:117,0
DA:118,0
DA:121,0
DA:122,0
DA:127,4
DA:128,4
DA:204,0
DA:205,0
DA:206,0
DA:207,0
DA:208,0
DA:213,0
DA:217,0
DA:245,0
DA:249,0
DA:250,0
DA:251,0
DA:264,0
DA:292,0
DA:305,0
DA:307,0
DA:311,0
DA:314,0
DA:333,0
DA:349,0
DA:377,0
DA:381,1
DA:399,1
DA:403,1
LF:59
LH:27
BRDA:28,0,0,0
BRDA:52,1,0,16
BRDA:52,1,1,4
BRDA:52,1,2,0
BRDA:52,1,3,4
BRDA:52,1,4,4
BRDA:52,1,5,0
BRDA:52,1,6,4
BRDA:52,1,7,0
BRDA:52,1,8,0
BRDA:52,1,9,0
BRDA:52,1,10,0
BRDA:52,1,11,0
BRDA:58,2,0,0
BRDA:58,2,1,16
BRDA:63,3,0,0
BRDA:63,3,1,16
BRDA:64,4,0,0
BRDA:64,4,1,16
BRDA:77,5,0,0
BRDA:77,5,1,4
BRDA:82,6,0,0
BRDA:82,6,1,4
BRDA:83,7,0,0
BRDA:83,7,1,4
BRDA:93,8,0,0
BRDA:93,8,1,0
BRDA:99,9,0,0
BRDA:99,9,1,0
BRDA:100,10,0,0
BRDA:100,10,1,0
BRDA:107,11,0,0
BRDA:109,12,0,0
BRDA:113,13,0,0
BRDA:117,14,0,0
BRDA:121,15,0,0
BRDA:128,16,0,4
BRDA:135,17,0,0
BRDA:135,17,1,4
BRDA:140,18,0,0
BRDA:140,18,1,4
BRDA:141,19,0,0
BRDA:141,19,1,4
BRDA:152,20,0,0
BRDA:152,20,1,4
BRDA:158,21,0,0
BRDA:158,21,1,4
BRDA:159,22,0,0
BRDA:159,22,1,4
BRDA:169,23,0,0
BRDA:169,23,1,0
BRDA:173,24,0,0
BRDA:173,24,1,0
BRDA:174,25,0,0
BRDA:174,25,1,0
BRDA:198,26,0,0
BRDA:198,26,1,4
BRDA:199,27,0,0
BRDA:199,27,1,4
BRDA:205,28,0,0
BRDA:206,29,0,0
BRDA:206,29,1,0
BRDA:207,30,0,0
BRDA:207,30,1,0
BRDA:213,31,0,0
BRDA:213,31,1,0
BRDA:217,32,0,0
BRDA:217,32,1,0
BRDA:222,33,0,0
BRDA:222,33,1,0
BRDA:224,34,0,0
BRDA:224,34,1,0
BRDA:227,35,0,0
BRDA:227,35,1,0
BRDA:229,36,0,0
BRDA:229,36,1,0
BRDA:235,37,0,0
BRDA:235,37,1,0
BRDA:241,38,0,0
BRDA:241,38,1,0
BRDA:243,39,0,0
BRDA:243,39,1,0
BRDA:254,40,0,0
BRDA:254,40,1,0
BRDA:255,41,0,0
BRDA:255,41,1,0
BRDA:257,42,0,0
BRDA:257,42,1,0
BRDA:257,43,0,0
BRDA:257,43,1,0
BRDA:264,44,0,0
BRDA:264,44,1,0
BRDA:268,45,0,0
BRDA:268,45,1,0
BRDA:270,46,0,0
BRDA:270,46,1,0
BRDA:274,47,0,0
BRDA:274,47,1,0
BRDA:276,48,0,0
BRDA:276,48,1,0
BRDA:288,49,0,0
BRDA:288,49,1,0
BRDA:290,50,0,0
BRDA:290,50,1,0
BRDA:296,51,0,0
BRDA:296,51,1,0
BRDA:297,52,0,0
BRDA:297,52,1,0
BRDA:298,53,0,0
BRDA:298,53,1,0
BRDA:298,54,0,0
BRDA:298,54,1,0
BRDA:305,55,0,0
BRDA:305,55,1,0
BRDA:312,56,0,0
BRDA:312,56,1,0
BRDA:314,57,0,0
BRDA:314,57,1,0
BRDA:319,58,0,0
BRDA:319,58,1,0
BRDA:321,59,0,0
BRDA:321,59,1,0
BRDA:324,60,0,0
BRDA:324,60,1,0
BRDA:326,61,0,0
BRDA:326,61,1,0
BRDA:343,62,0,0
BRDA:343,62,1,0
BRDA:344,63,0,0
BRDA:344,63,1,0
BRDA:347,64,0,0
BRDA:347,64,1,0
BRDA:349,65,0,0
BRDA:349,65,1,0
BRDA:353,66,0,0
BRDA:353,66,1,0
BRDA:354,67,0,0
BRDA:354,67,1,0
BRDA:355,68,0,0
BRDA:355,68,1,0
BRDA:355,69,0,0
BRDA:355,69,1,0
BRF:142
BRH:20
end_of_record
TN:
SF:src/components/forms/fields/Checkbox.js
FN:5,(anonymous_1)
FN:37,(anonymous_2)
FNF:2
FNH:1
FNDA:4,(anonymous_1)
FNDA:0,(anonymous_2)
DA:1,1
DA:2,1
DA:3,1
DA:5,1
DA:38,0
DA:50,1
DA:64,1
DA:72,1
LF:8
LH:7
BRDA:19,0,0,0
BRDA:19,0,1,4
BRDA:22,1,0,0
BRDA:22,1,1,4
BRDA:24,2,0,0
BRDA:24,2,1,4
BRDA:34,3,0,0
BRDA:34,3,1,4
BRDA:34,4,0,4
BRDA:34,4,1,0
BRF:10
BRH:5
end_of_record
TN:
SF:src/components/forms/fields/DatePicker.js
FN:5,(anonymous_1)
FNF:1
FNH:0
FNDA:0,(anonymous_1)
DA:1,1
DA:2,1
DA:3,1
DA:5,1
DA:64,1
DA:80,1
DA:89,1
LF:7
LH:7
BRDA:19,0,0,0
BRDA:19,0,1,0
BRDA:20,1,0,0
BRDA:20,1,1,0
BRDA:26,2,0,0
BRDA:26,2,1,0
BRDA:30,3,0,0
BRDA:30,3,1,0
BRF:8
BRH:0
end_of_record
TN:
SF:src/components/forms/fields/FieldGroup.js
FN:5,(anonymous_1)
FNF:1
FNH:0
FNDA:0,(anonymous_1)
DA:1,1
DA:2,1
DA:3,1
DA:5,1
DA:43,1
DA:49,1
DA:54,1
LF:7
LH:7
BRDA:8,0,0,0
BRDA:8,0,1,0
BRDA:26,1,0,0
BRDA:26,1,1,0
BRDA:34,2,0,0
BRDA:34,2,1,0
BRF:6
BRH:0
end_of_record
TN:
SF:src/components/forms/fields/Input.js
FN:14,(anonymous_2)
FN:33,(anonymous_3)
FN:38,(anonymous_4)
FN:59,(anonymous_5)
FN:77,(anonymous_6)
FN:86,(anonymous_7)
FNF:6
FNH:2
FNDA:16,(anonymous_2)
FNDA:0,(anonymous_3)
FNDA:8,(anonymous_4)
FNDA:0,(anonymous_5)
FNDA:0,(anonymous_6)
FNDA:0,(anonymous_7)
DA:1,1
DA:2,1
DA:3,1
DA:4,1
DA:5,1
DA:6,1
DA:8,1
DA:14,1
DA:29,16
DA:31,16
DA:33,16
DA:34,0
DA:35,0
DA:38,16
DA:39,8
DA:60,0
DA:78,0
DA:87,0
DA:88,0
DA:99,1
DA:118,1
DA:128,1
LF:22
LH:16
BRDA:34,0,0,0
BRDA:34,0,1,0
BRDA:39,1,0,8
BRDA:39,1,1,0
BRDA:39,1,2,0
BRDA:39,1,3,8
BRDA:45,2,0,0
BRDA:45,2,1,16
BRDA:47,3,0,0
BRDA:47,3,1,16
BRDA:55,4,0,0
BRDA:55,4,1,16
BRDA:57,5,0,16
BRDA:57,5,1,16
BRDA:58,6,0,16
BRDA:58,6,1,0
BRDA:63,7,0,0
BRDA:63,7,1,16
BRDA:63,8,0,16
BRDA:63,8,1,0
BRDA:70,9,0,16
BRDA:72,10,0,0
BRF:22
BRH:11
end_of_record
TN:
SF:src/components/forms/fields/MultipleFields.js
FN:9,(anonymous_2)
FN:21,(anonymous_3)
FN:22,(anonymous_4)
FN:38,(anonymous_5)
FN:41,(anonymous_6)
FN:49,(anonymous_7)
FN:102,(anonymous_8)
FN:114,(anonymous_9)
FN:164,(anonymous_10)
FN:174,(anonymous_11)
FN:194,(anonymous_12)
FN:215,(anonymous_13)
FNF:12
FNH:0
FNDA:0,(anonymous_2)
FNDA:0,(anonymous_3)
FNDA:0,(anonymous_4)
FNDA:0,(anonymous_5)
FNDA:0,(anonymous_6)
FNDA:0,(anonymous_7)
FNDA:0,(anonymous_8)
FNDA:0,(anonymous_9)
FNDA:0,(anonymous_10)
FNDA:0,(anonymous_11)
FNDA:0,(anonymous_12)
FNDA:0,(anonymous_13)
DA:1,1
DA:2,1
DA:3,1
DA:4,1
DA:5,1
DA:6,1
DA:7,1
DA:9,1
DA:21,0
DA:22,0
DA:23,0
DA:24,0
DA:39,0
DA:43,0
DA:44,0
DA:45,0
DA:47,0
DA:50,0
DA:90,1
DA:102,1
DA:114,0
DA:116,0
DA:117,0
DA:118,0
DA:120,0
DA:123,0
DA:125,0
DA:127,0
DA:128,0
DA:133,0
DA:145,0
DA:165,0
DA:175,0
DA:180,0
DA:195,0
DA:196,0
DA:216,0
DA:233,1
DA:246,1
DA:252,1
LF:40
LH:13
BRDA:23,0,0,0
BRDA:23,0,1,0
BRDA:28,1,0,0
BRDA:28,1,1,0
BRDA:44,2,0,0
BRDA:45,3,0,0
BRDA:45,3,1,0
BRDA:72,4,0,0
BRDA:72,4,1,0
BRDA:80,5,0,0
BRDA:80,5,1,0
BRDA:117,6,0,0
BRDA:125,7,0,0
BRDA:125,7,1,0
BRDA:129,8,0,0
BRDA:129,8,1,0
BRDA:149,9,0,0
BRDA:149,9,1,0
BRDA:175,10,0,0
BRDA:176,11,0,0
BRDA:176,11,1,0
BRDA:176,11,2,0
BRDA:189,12,0,0
BRDA:189,12,1,0
BRDA:195,13,0,0
BRF:25
BRH:0
end_of_record
TN:
SF:src/components/forms/fields/PhoneInput.js
FN:6,(anonymous_1)
FN:19,(anonymous_2)
FN:42,(anonymous_3)
FNF:3
FNH:1
FNDA:4,(anonymous_1)
FNDA:0,(anonymous_2)
FNDA:0,(anonymous_3)
DA:1,1
DA:2,1
DA:3,1
DA:4,1
DA:6,1
DA:19,4
DA:20,0
DA:43,0
DA:56,1
DA:73,1
DA:82,1
LF:11
LH:9
BRDA:26,0,0,0
BRDA:26,0,1,4
BRDA:28,1,0,0
BRDA:28,1,1,4
BRDA:40,2,0,4
BRDA:40,2,1,4
BRDA:41,3,0,4
BRDA:41,3,1,0
BRDA:46,4,0,0
BRDA:46,4,1,4
BRDA:46,5,0,4
BRDA:46,5,1,0
BRF:12
BRH:7
end_of_record
TN:
SF:src/components/forms/fields/Select.js
FN:5,(anonymous_1)
FN:47,(anonymous_2)
FN:60,(anonymous_3)
FN:77,(anonymous_4)
FNF:4
FNH:2
FNDA:4,(anonymous_1)
FNDA:0,(anonymous_2)
FNDA:28,(anonymous_3)
FNDA:0,(anonymous_4)
DA:1,1
DA:2,1
DA:3,1
DA:5,1
DA:48,0
DA:61,28
DA:73,1
DA:82,1
DA:105,1
LF:9
LH:8
BRDA:18,0,0,0
BRDA:18,0,1,4
BRDA:19,1,0,0
BRDA:19,1,1,4
BRDA:25,2,0,4
BRDA:25,2,1,0
BRDA:29,3,0,4
BRDA:29,3,1,0
BRDA:61,4,0,28
BRDA:61,4,1,0
BRF:10
BRH:5
end_of_record
TN:
SF:src/components/forms/fields/Textarea.js
FN:19,(anonymous_2)
FN:36,update
FN:41,(anonymous_4)
FN:66,(anonymous_5)
FN:110,(anonymous_6)
FNF:5
FNH:2
FNDA:4,(anonymous_2)
FNDA:0,update
FNDA:4,(anonymous_4)
FNDA:0,(anonymous_5)
FNDA:0,(anonymous_6)
DA:1,1
DA:2,1
DA:3,1
DA:4,1
DA:19,1
DA:32,4
DA:34,4
DA:37,0
DA:38,0
DA:41,4
DA:42,4
DA:43,2
DA:44,2
DA:67,0
DA:86,1
DA:103,1
DA:114,1
LF:17
LH:14
BRDA:37,0,0,0
BRDA:37,0,1,0
BRDA:42,1,0,2
BRDA:43,2,0,2
BRDA:43,2,1,0
BRDA:43,2,2,0
BRDA:43,2,3,2
BRDA:44,3,0,2
BRDA:44,3,1,2
BRDA:51,4,0,0
BRDA:51,4,1,4
BRDA:53,5,0,0
BRDA:53,5,1,4
BRDA:63,6,0,4
BRDA:63,6,1,0
BRDA:65,7,0,4
BRDA:65,7,1,4
BRDA:71,8,0,0
BRDA:71,8,1,4
BRDA:71,9,0,4
BRDA:71,9,1,0
BRDA:76,10,0,4
BRDA:78,11,0,0
BRDA:78,11,1,0
BRDA:78,12,0,0
BRDA:78,12,1,0
BRDA:78,13,0,0
BRDA:78,13,1,0
BRF:28
BRH:13
end_of_record
TN:
SF:src/components/forms/schema/formInterestLinkedOut.js
FN:169,(anonymous_0)
FNF:1
FNH:0
FNDA:0,(anonymous_0)
DA:1,1
DA:2,1
DA:4,1
DA:170,0
LF:4
LH:3
BRDA:170,0,0,0
BRDA:170,0,1,0
BRDA:170,0,2,0
BRF:3
BRH:0
end_of_record
TN:
SF:src/components/modals/SuccessModalContent.js
FN:6,(anonymous_1)
FNF:1
FNH:1
FNDA:1,(anonymous_1)
DA:1,1
DA:2,1
DA:3,1
DA:4,1
DA:6,1
DA:24,1
DA:28,1
LF:7
LH:7
BRF:0
BRH:0
end_of_record
TN:
SF:src/components/modals/Modal/Modal.js
FN:8,(anonymous_2)
FN:11,(anonymous_3)
FN:45,(anonymous_4)
FNF:3
FNH:0
FNDA:0,(anonymous_2)
FNDA:0,(anonymous_3)
FNDA:0,(anonymous_4)
DA:1,2
DA:2,2
DA:3,2
DA:4,2
DA:7,2
DA:8,2
DA:9,0
DA:11,0
DA:12,0
DA:13,0
DA:46,0
DA:47,0
DA:49,0
DA:64,2
DA:71,2
DA:77,2
LF:16
LH:9
BRDA:12,0,0,0
BRDA:12,1,0,0
BRDA:12,1,1,0
BRDA:40,2,0,0
BRDA:40,2,1,0
BRDA:46,3,0,0
BRDA:54,4,0,0
BRDA:54,4,1,0
BRF:8
BRH:0
end_of_record
TN:
SF:src/components/modals/Modal/ModalContext.js
FN:5,useModalContext
FNF:1
FNH:1
FNDA:14,useModalContext
DA:1,2
DA:3,2
DA:5,2
DA:6,14
DA:8,14
DA:9,0
DA:12,14
LF:7
LH:6
BRDA:8,0,0,0
BRF:1
BRH:0
end_of_record
TN:
SF:src/components/modals/Modal/index.js
FNF:0
FNH:0
DA:3,2
LF:1
LH:1
BRF:0
BRH:0
end_of_record
TN:
SF:src/components/modals/Modal/openModal.js
FN:8,openModal
FN:12,ModalsListener
FN:15,(anonymous_4)
FN:17,(anonymous_5)
FN:19,(anonymous_6)
FN:28,(anonymous_7)
FN:29,(anonymous_8)
FN:37,(anonymous_9)
FN:40,(anonymous_10)
FN:42,(anonymous_11)
FN:43,(anonymous_12)
FNF:11
FNH:11
FNDA:4,openModal
FNDA:13,ModalsListener
FNDA:4,(anonymous_4)
FNDA:4,(anonymous_5)
FNDA:4,(anonymous_6)
FNDA:4,(anonymous_7)
FNDA:4,(anonymous_8)
FNDA:8,(anonymous_9)
FNDA:4,(anonymous_10)
FNDA:4,(anonymous_11)
FNDA:4,(anonymous_12)
DA:1,2
DA:2,2
DA:3,2
DA:4,2
DA:6,2
DA:8,2
DA:9,4
DA:12,2
DA:13,13
DA:15,12
DA:17,4
DA:18,4
DA:19,4
DA:20,4
DA:28,12
DA:29,4
DA:30,4
DA:38,8
DA:41,4
DA:43,4
DA:44,4
DA:52,4
LF:22
LH:22
BRF:0
BRH:0
end_of_record
TN:
SF:src/components/modals/Modal/ModalGeneric/HeaderModal.js
FN:5,(anonymous_1)
FNF:1
FNH:1
FNDA:7,(anonymous_1)
DA:1,2
DA:2,2
DA:3,2
DA:5,2
DA:22,2
DA:26,2
LF:6
LH:6
BRF:0
BRH:0
end_of_record
TN:
SF:src/components/modals/Modal/ModalGeneric/ModalGeneric.js
FN:7,(anonymous_1)
FN:33,(anonymous_2)
FNF:2
FNH:2
FNDA:7,(anonymous_1)
FNDA:1,(anonymous_2)
DA:1,2
DA:2,2
DA:3,2
DA:4,2
DA:5,2
DA:7,2
DA:16,7
DA:34,1
DA:35,1
DA:37,0
DA:52,2
DA:65,2
DA:74,2
LF:13
LH:12
BRDA:21,0,0,0
BRDA:21,0,1,7
BRDA:27,1,0,0
BRDA:27,1,1,7
BRDA:34,2,0,1
BRDA:34,2,1,0
BRDA:41,3,0,7
BRDA:42,4,0,2
BRDA:42,4,1,5
BRF:9
BRH:6
end_of_record
TN:
SF:src/components/modals/Modal/ModalGeneric/index.js
FNF:0
FNH:0
DA:1,2
DA:3,2
LF:2
LH:2
BRF:0
BRH:0
end_of_record
TN:
SF:src/components/modals/Modal/ModalGeneric/ModalConfirm/ModalConfirm.js
FN:8,(anonymous_1)
FN:20,(anonymous_2)
FNF:2
FNH:2
FNDA:2,(anonymous_1)
FNDA:1,(anonymous_2)
DA:1,1
DA:2,1
DA:4,1
DA:5,1
DA:6,1
DA:8,1
DA:9,2
DA:21,1
DA:22,1
DA:31,1
DA:42,1
DA:47,1
LF:12
LH:12
BRDA:12,0,0,2
BRF:1
BRH:1
end_of_record
TN:
SF:src/components/modals/Modal/ModalGeneric/StepperModal/StepperModal.js
FN:12,(anonymous_2)
FN:19,(anonymous_3)
FN:24,(anonymous_4)
FN:25,(anonymous_5)
FN:30,(anonymous_6)
FN:31,(anonymous_7)
FN:36,(anonymous_8)
FN:39,(anonymous_9)
FN:50,(anonymous_10)
FNF:9
FNH:7
FNDA:5,(anonymous_2)
FNDA:1,(anonymous_3)
FNDA:1,(anonymous_4)
FNDA:1,(anonymous_5)
FNDA:0,(anonymous_6)
FNDA:0,(anonymous_7)
FNDA:2,(anonymous_8)
FNDA:4,(anonymous_9)
FNDA:1,(anonymous_10)
DA:1,1
DA:2,1
DA:4,1
DA:5,1
DA:12,1
DA:13,5
DA:14,5
DA:16,5
DA:19,5
DA:20,1
DA:21,1
DA:24,5
DA:25,1
DA:26,1
DA:30,5
DA:31,0
DA:32,0
DA:36,5
DA:37,2
DA:38,2
DA:40,4
DA:51,1
DA:52,1
DA:60,1
DA:65,1
DA:67,1
LF:26
LH:24
BRDA:37,0,0,2
BRDA:55,1,0,5
BRDA:55,1,1,3
BRF:3
BRH:3
end_of_record
TN:
SF:src/components/modals/Modal/ModalGeneric/StepperModal/index.js
FNF:0
FNH:0
DA:1,1
DA:3,1
LF:2
LH:2
BRF:0
BRH:0
end_of_record
TN:
SF:src/components/modals/Modal/ModalGeneric/StepperModal/ModalInterestLinkedOut/ModalInterestLinkedOut.js
FN:8,(anonymous_1)
FN:13,(anonymous_2)
FN:19,(anonymous_3)
FN:21,(anonymous_4)
FN:24,(anonymous_5)
FN:31,(anonymous_6)
FNF:6
FNH:5
FNDA:3,(anonymous_1)
FNDA:2,(anonymous_2)
FNDA:1,(anonymous_3)
FNDA:1,(anonymous_4)
FNDA:0,(anonymous_5)
FNDA:2,(anonymous_6)
DA:1,1
DA:2,1
DA:3,1
DA:4,1
DA:5,1
DA:6,1
DA:8,1
DA:20,1
DA:22,1
DA:25,0
DA:44,1
LF:11
LH:10
BRF:0
BRH:0
end_of_record
TN:
SF:src/components/partials/CarouselItem/index.js
FN:7,(anonymous_1)
FNF:1
FNH:1
FNDA:1,(anonymous_1)
DA:1,1
DA:2,1
DA:4,1
DA:5,1
DA:7,1
DA:8,1
DA:32,1
DA:38,1
LF:8
LH:8
BRF:0
BRH:0
end_of_record
TN:
SF:src/components/utils/Background.js
FN:6,(anonymous_1)
FNF:1
FNH:0
FNDA:0,(anonymous_1)
DA:1,2
DA:2,2
DA:3,2
DA:4,2
DA:6,2
DA:7,0
DA:8,0
DA:9,0
DA:10,0
DA:11,0
DA:12,0
DA:13,0
DA:15,0
DA:16,0
DA:17,0
DA:18,0
DA:26,2
DA:37,2
DA:44,2
LF:19
LH:8
BRDA:9,0,0,0
BRDA:10,1,0,0
BRDA:11,2,0,0
BRDA:12,3,0,0
BRDA:15,4,0,0
BRDA:15,4,1,0
BRDA:17,5,0,0
BRDA:18,6,0,0
BRDA:18,6,1,0
BRF:9
BRH:0
end_of_record
TN:
SF:src/components/utils/Button.js
FN:11,(anonymous_1)
FN:33,(anonymous_2)
FN:100,(anonymous_3)
FNF:3
FNH:1
FNDA:13,(anonymous_1)
FNDA:0,(anonymous_2)
FNDA:0,(anonymous_3)
DA:2,2
DA:3,2
DA:4,2
DA:9,2
DA:11,2
DA:28,13
DA:29,13
DA:30,13
DA:31,13
DA:32,13
DA:33,13
DA:34,0
DA:49,13
DA:64,13
DA:66,2
DA:89,2
DA:106,2
LF:17
LH:16
BRDA:29,0,0,0
BRDA:30,1,0,13
BRDA:31,2,0,0
BRDA:32,3,0,0
BRDA:49,4,0,0
BRDA:50,5,0,0
BRDA:53,6,0,0
BRDA:53,6,1,0
BRDA:54,7,0,0
BRDA:54,7,1,0
BRF:10
BRH:1
end_of_record
TN:
SF:src/components/utils/ButtonIcon.js
FN:5,(anonymous_1)
FN:47,(anonymous_2)
FNF:2
FNH:0
FNDA:0,(anonymous_1)
FNDA:0,(anonymous_2)
DA:1,2
DA:2,2
DA:3,2
DA:5,2
DA:31,2
DA:41,2
DA:50,2
LF:7
LH:7
BRF:0
BRH:0
end_of_record
TN:
SF:src/components/utils/Card.js
FN:6,(anonymous_1)
FNF:1
FNH:0
FNDA:0,(anonymous_1)
DA:1,2
DA:2,2
DA:3,2
DA:6,2
DA:7,0
DA:8,0
DA:9,0
DA:10,0
DA:11,0
DA:25,2
DA:40,2
DA:49,2
LF:12
LH:7
BRDA:8,0,0,0
BRDA:9,1,0,0
BRDA:10,2,0,0
BRDA:11,3,0,0
BRDA:15,4,0,0
BRF:5
BRH:0
end_of_record
TN:
SF:src/components/utils/CloseButton.js
FN:5,(anonymous_2)
FN:25,(anonymous_3)
FN:28,(anonymous_4)
FNF:3
FNH:1
FNDA:7,(anonymous_2)
FNDA:0,(anonymous_3)
FNDA:0,(anonymous_4)
DA:1,2
DA:2,2
DA:3,2
DA:5,2
DA:18,2
DA:23,2
DA:28,2
DA:30,0
DA:37,2
LF:9
LH:8
BRDA:8,0,0,7
BRDA:8,0,1,0
BRF:2
BRH:1
end_of_record
TN:
SF:src/components/utils/Dropdown.js
FN:8,(anonymous_1)
FN:18,(anonymous_2)
FNF:2
FNH:0
FNDA:0,(anonymous_1)
FNDA:0,(anonymous_2)
DA:1,2
DA:2,2
DA:8,2
DA:19,0
DA:20,0
DA:21,0
DA:22,0
DA:23,0
DA:34,2
DA:44,2
DA:51,2
DA:52,2
LF:12
LH:7
BRDA:14,0,0,0
BRDA:14,0,1,0
BRDA:18,1,0,0
BRDA:18,1,1,0
BRDA:20,2,0,0
BRDA:21,3,0,0
BRDA:22,4,0,0
BRF:7
BRH:0
end_of_record
TN:
SF:src/components/utils/FooterForm.js
FN:6,(anonymous_1)
FNF:1
FNH:1
FNDA:4,(anonymous_1)
DA:1,1
DA:2,1
DA:3,1
DA:4,1
DA:6,1
DA:36,1
DA:43,1
DA:49,1
LF:8
LH:8
BRDA:9,0,0,4
BRDA:20,1,0,4
BRDA:26,2,0,4
BRDA:26,2,1,0
BRF:4
BRH:3
end_of_record
TN:
SF:src/components/utils/Grid.js
FN:5,(anonymous_2)
FN:32,(anonymous_3)
FN:50,(anonymous_4)
FN:63,(anonymous_5)
FN:66,(anonymous_6)
FN:137,(anonymous_7)
FNF:6
FNH:5
FNDA:1,(anonymous_2)
FNDA:1,(anonymous_3)
FNDA:1,(anonymous_4)
FNDA:2,(anonymous_5)
FNDA:2,(anonymous_6)
FNDA:0,(anonymous_7)
DA:1,3
DA:2,3
DA:3,3
DA:5,3
DA:27,1
DA:28,1
DA:29,1
DA:30,1
DA:31,1
DA:33,1
DA:36,1
DA:37,1
DA:38,1
DA:39,1
DA:40,1
DA:41,1
DA:42,1
DA:43,1
DA:44,1
DA:45,1
DA:46,1
DA:47,1
DA:49,1
DA:50,1
DA:51,1
DA:52,0
DA:54,1
DA:55,1
DA:57,0
DA:64,2
DA:67,2
DA:84,3
DA:114,3
DA:137,3
DA:139,0
DA:144,3
LF:36
LH:33
BRDA:29,0,0,0
BRDA:30,1,0,0
BRDA:36,2,0,1
BRDA:37,3,0,1
BRDA:38,4,0,0
BRDA:39,5,0,1
BRDA:40,6,0,0
BRDA:41,7,0,0
BRDA:42,8,0,0
BRDA:43,9,0,1
BRDA:44,10,0,0
BRDA:45,11,0,0
BRDA:46,12,0,0
BRDA:47,13,0,0
BRDA:49,14,0,1
BRDA:51,15,0,0
BRDA:54,16,0,1
BRDA:71,17,0,0
BRDA:71,17,1,2
BRF:19
BRH:7
end_of_record
TN:
SF:src/components/utils/Hamburger.js
FN:8,(anonymous_2)
FN:22,(anonymous_3)
FN:43,(anonymous_4)
FNF:3
FNH:0
FNDA:0,(anonymous_2)
FNDA:0,(anonymous_3)
FNDA:0,(anonymous_4)
DA:1,2
DA:2,2
DA:3,2
DA:4,2
DA:5,2
DA:6,2
DA:8,2
DA:9,0
DA:10,0
DA:11,0
DA:23,0
DA:30,2
DA:37,2
DA:43,2
DA:45,0
DA:52,2
LF:16
LH:11
BRDA:10,0,0,0
BRDA:11,1,0,0
BRDA:15,2,0,0
BRDA:15,2,1,0
BRF:4
BRH:0
end_of_record
TN:
SF:src/components/utils/Icon.js
FN:5,(anonymous_2)
FN:31,(anonymous_3)
FNF:2
FNH:2
FNDA:5,(anonymous_2)
FNDA:2,(anonymous_3)
DA:1,2
DA:2,2
DA:3,2
DA:5,2
DA:15,2
DA:23,2
DA:31,2
DA:33,2
DA:38,2
LF:9
LH:9
BRDA:11,0,0,0
BRDA:11,0,1,5
BRF:2
BRH:1
end_of_record
TN:
SF:src/components/utils/Img.js
FN:7,(anonymous_2)
FN:48,(anonymous_3)
FNF:2
FNH:0
FNDA:0,(anonymous_2)
FNDA:0,(anonymous_3)
DA:2,2
DA:3,2
DA:4,2
DA:5,2
DA:7,2
DA:8,0
DA:33,2
DA:41,2
DA:48,2
DA:50,0
DA:55,2
LF:11
LH:9
BRDA:8,0,0,0
BRF:1
BRH:0
end_of_record
TN:
SF:src/components/utils/Nav.js
FN:4,(anonymous_1)
FN:7,(anonymous_2)
FNF:2
FNH:0
FNDA:0,(anonymous_1)
FNDA:0,(anonymous_2)
DA:1,2
DA:2,2
DA:4,2
DA:8,0
DA:17,2
DA:21,2
DA:25,2
LF:7
LH:6
BRDA:6,0,0,0
BRDA:6,0,1,0
BRF:2
BRH:0
end_of_record
TN:
SF:src/components/utils/Navbar.js
FN:5,(anonymous_2)
FN:38,(anonymous_3)
FNF:2
FNH:0
FNDA:0,(anonymous_2)
FNDA:0,(anonymous_3)
DA:1,2
DA:2,2
DA:3,2
DA:5,2
DA:19,2
DA:28,2
DA:38,2
DA:40,0
DA:45,2
LF:9
LH:8
BRDA:9,0,0,0
BRDA:9,0,1,0
BRF:2
BRH:0
end_of_record
TN:
SF:src/components/utils/NavbarLogo.js
FN:6,(anonymous_1)
FNF:1
FNH:0
FNDA:0,(anonymous_1)
DA:1,2
DA:2,2
DA:3,2
DA:4,2
DA:6,2
DA:22,2
DA:29,2
DA:34,2
LF:8
LH:8
BRDA:11,0,0,0
BRDA:11,0,1,0
BRF:2
BRH:0
end_of_record
TN:
SF:src/components/utils/Offcanvas.js
FN:7,(anonymous_2)
FN:38,(anonymous_3)
FNF:2
FNH:0
FNDA:0,(anonymous_2)
FNDA:0,(anonymous_3)
DA:1,2
DA:2,2
DA:3,2
DA:5,2
DA:7,2
DA:22,2
DA:32,2
DA:38,2
DA:40,0
DA:47,2
LF:10
LH:9
BRDA:11,0,0,0
BRDA:11,0,1,0
BRF:2
BRH:0
end_of_record
TN:
SF:src/components/utils/Padding.js
FN:4,(anonymous_1)
FNF:1
FNH:0
FNDA:0,(anonymous_1)
DA:1,2
DA:2,2
DA:4,2
DA:5,0
DA:6,0
DA:7,0
DA:10,2
DA:15,2
DA:19,2
LF:9
LH:6
BRDA:6,0,0,0
BRDA:7,1,0,0
BRF:2
BRH:0
end_of_record
TN:
SF:src/components/utils/Section.js
FN:5,(anonymous_1)
FNF:1
FNH:0
FNDA:0,(anonymous_1)
DA:1,2
DA:2,2
DA:3,2
DA:5,2
DA:14,0
DA:15,0
DA:16,0
DA:17,0
DA:18,0
DA:20,0
DA:21,0
DA:29,2
DA:41,2
DA:50,2
LF:14
LH:7
BRDA:15,0,0,0
BRDA:16,1,0,0
BRDA:17,2,0,0
BRDA:18,3,0,0
BRDA:21,4,0,0
BRF:5
BRH:0
end_of_record
TN:
SF:src/components/utils/SimpleLink.js
FN:7,(anonymous_1)
FN:78,(anonymous_2)
FNF:2
FNH:1
FNDA:4,(anonymous_1)
FNDA:0,(anonymous_2)
DA:2,2
DA:3,2
DA:4,2
DA:5,2
DA:7,2
DA:19,4
DA:20,4
DA:21,4
DA:23,4
DA:53,2
DA:71,2
DA:82,2
LF:12
LH:12
BRDA:20,0,0,0
BRDA:21,1,0,0
BRDA:23,2,0,0
BRDA:30,3,0,4
BRDA:34,4,0,4
BRDA:34,4,1,0
BRDA:36,5,0,4
BRDA:36,5,1,0
BRDA:46,6,0,0
BRDA:46,6,1,0
BRF:10
BRH:3
end_of_record
TN:
SF:src/components/utils/Slider.js
FN:4,(anonymous_1)
FN:7,(anonymous_2)
FN:17,(anonymous_3)
FNF:3
FNH:0
FNDA:0,(anonymous_1)
FNDA:0,(anonymous_2)
FNDA:0,(anonymous_3)
DA:1,2
DA:2,2
DA:4,2
DA:5,0
DA:6,0
DA:7,0
DA:8,0
DA:18,0
DA:38,2
DA:45,2
DA:51,2
DA:52,2
LF:12
LH:7
BRDA:6,0,0,0
BRF:1
BRH:0
end_of_record
TN:
SF:src/components/utils/Text.js
FN:11,(anonymous_1)
FNF:1
FNH:0
FNDA:0,(anonymous_1)
DA:1,2
DA:2,2
DA:9,2
DA:11,2
DA:19,0
DA:20,0
DA:21,0
DA:23,0
DA:24,0
DA:25,0
DA:26,0
DA:29,0
DA:30,0
DA:49,2
DA:60,2
DA:67,2
LF:16
LH:7
BRDA:20,0,0,0
BRDA:23,1,0,0
BRDA:25,2,0,0
BRDA:29,3,0,0
BRF:4
BRH:0
end_of_record
TN:
SF:src/components/utils/index.js
FNF:0
FNH:0
DA:1,0
DA:2,9
DA:3,7
DA:4,0
DA:5,0
DA:6,0
DA:7,0
DA:8,0
DA:9,0
DA:10,0
DA:11,0
DA:12,0
DA:13,4
DA:14,0
DA:15,0
DA:16,0
DA:17,0
DA:18,0
LF:18
LH:3
BRF:0
BRH:0
end_of_record
TN:
SF:src/constants/departements.js
FN:534,(anonymous_1)
FN:559,(anonymous_2)
FNF:2
FNH:2
FNDA:404,(anonymous_1)
FNDA:404,(anonymous_2)
DA:1,4
DA:3,4
DA:10,4
DA:17,4
DA:526,4
DA:532,4
DA:535,404
DA:536,332
DA:544,72
DA:558,4
DA:560,404
DA:569,4
DA:570,4
DA:571,4
DA:572,4
DA:573,4
LF:16
LH:16
BRDA:535,0,0,332
BRDA:548,1,0,72
BRDA:548,1,1,60
BRF:3
BRH:3
end_of_record
TN:
SF:src/constants/index.js
FN:117,(anonymous_1)
FN:192,(anonymous_2)
FN:229,(anonymous_3)
FNF:3
FNH:3
FNDA:200,(anonymous_1)
FNDA:72,(anonymous_2)
FNDA:404,(anonymous_3)
DA:1,4
DA:8,4
DA:9,4
DA:11,4
DA:26,4
DA:118,200
DA:121,4
DA:154,4
DA:165,4
DA:171,4
DA:178,4
DA:193,72
DA:210,4
DA:230,404
DA:243,4
DA:296,4
DA:302,4
DA:307,4
DA:360,4
DA:375,4
DA:395,4
DA:434,4
DA:438,4
DA:449,4
DA:451,4
DA:457,4
DA:459,4
DA:487,4
DA:488,4
DA:489,4
DA:490,4
DA:491,4
DA:492,4
DA:493,4
DA:494,4
DA:495,4
DA:496,4
DA:497,4
DA:498,4
DA:499,4
DA:500,4
DA:501,4
DA:502,4
DA:503,4
DA:504,4
DA:505,4
DA:506,4
DA:507,4
LF:48
LH:48
BRF:0
BRH:0
end_of_record
TN:
SF:src/constants/tags.js
FNF:0
FNH:0
DA:1,4
DA:319,4
DA:354,4
LF:3
LH:3
BRF:0
BRH:0
end_of_record
TN:
SF:src/hooks/utils/useMount.js
FN:12,useMount
FN:13,(anonymous_1)
FNF:2
FNH:0
FNDA:0,useMount
FNDA:0,(anonymous_1)
DA:1,1
DA:12,1
DA:13,0
DA:14,0
LF:4
LH:2
BRDA:12,0,0,0
BRDA:12,1,0,0
BRF:2
BRH:0
end_of_record
TN:
SF:src/hooks/utils/usePrevious.js
FN:3,usePrevious
FN:5,(anonymous_1)
FNF:2
FNH:2
FNDA:4,usePrevious
FNDA:2,(anonymous_1)
DA:1,1
DA:3,1
DA:4,4
DA:5,4
DA:6,2
DA:8,4
LF:6
LH:6
BRF:0
BRH:0
end_of_record
TN:
SF:src/hooks/utils/useResetForm.js
FN:3,useResetForm
FN:6,(anonymous_1)
FNF:2
FNH:0
FNDA:0,useResetForm
FNDA:0,(anonymous_1)
DA:1,1
DA:3,1
DA:4,0
DA:6,0
DA:7,0
DA:10,0
LF:6
LH:2
BRDA:7,0,0,0
BRF:1
BRH:0
end_of_record
TN:
SF:src/lib/gtag.js
FN:2,(anonymous_0)
FN:11,(anonymous_1)
FNF:2
FNH:0
FNDA:0,(anonymous_0)
FNDA:0,(anonymous_1)
DA:2,1
DA:3,0
DA:4,0
DA:11,1
DA:12,0
DA:13,0
LF:6
LH:2
BRDA:3,0,0,0
BRDA:12,1,0,0
BRF:2
BRH:0
end_of_record
TN:
SF:src/utils/Filters.js
FN:3,(anonymous_1)
FN:10,(anonymous_2)
FN:19,(anonymous_3)
FN:21,(anonymous_4)
FN:24,(anonymous_5)
FN:32,(anonymous_6)
FN:35,(anonymous_7)
FN:40,(anonymous_8)
FN:41,(anonymous_9)
FN:48,(anonymous_10)
FN:61,(anonymous_11)
FN:63,(anonymous_12)
FN:66,(anonymous_13)
FNF:13
FNH:0
FNDA:0,(anonymous_1)
FNDA:0,(anonymous_2)
FNDA:0,(anonymous_3)
FNDA:0,(anonymous_4)
FNDA:0,(anonymous_5)
FNDA:0,(anonymous_6)
FNDA:0,(anonymous_7)
FNDA:0,(anonymous_8)
FNDA:0,(anonymous_9)
FNDA:0,(anonymous_10)
FNDA:0,(anonymous_11)
FNDA:0,(anonymous_12)
FNDA:0,(anonymous_13)
DA:1,3
DA:3,3
DA:5,0
DA:10,0
DA:11,0
DA:14,0
DA:16,0
DA:19,3
DA:20,0
DA:21,0
DA:22,0
DA:25,0
DA:29,0
DA:32,3
DA:33,0
DA:34,0
DA:35,0
DA:36,0
DA:37,0
DA:38,0
DA:39,0
DA:41,0
DA:42,0
DA:47,0
DA:49,0
DA:54,0
DA:58,0
DA:61,3
DA:62,0
DA:63,0
DA:64,0
DA:66,0
DA:67,0
DA:69,0
DA:70,0
DA:71,0
DA:75,3
DA:76,3
DA:77,3
DA:78,3
LF:40
LH:9
BRDA:5,0,0,0
BRDA:5,0,1,0
BRDA:6,1,0,0
BRDA:6,1,1,0
BRDA:6,1,2,0
BRDA:23,2,0,0
BRDA:23,2,1,0
BRDA:25,3,0,0
BRDA:25,3,1,0
BRDA:25,4,0,0
BRDA:25,4,1,0
BRDA:34,5,0,0
BRDA:36,6,0,0
BRDA:36,6,1,0
BRDA:38,7,0,0
BRDA:38,7,1,0
BRDA:69,8,0,0
BRDA:70,9,0,0
BRF:18
BRH:0
end_of_record
TN:
SF:src/utils/Finding.js
FN:4,(anonymous_1)
FN:5,(anonymous_2)
FN:34,(anonymous_3)
FN:36,(anonymous_4)
FN:45,(anonymous_5)
FN:48,(anonymous_6)
FN:52,(anonymous_7)
FN:62,(anonymous_8)
FN:75,(anonymous_9)
FN:88,(anonymous_10)
FNF:10
FNH:0
FNDA:0,(anonymous_1)
FNDA:0,(anonymous_2)
FNDA:0,(anonymous_3)
FNDA:0,(anonymous_4)
FNDA:0,(anonymous_5)
FNDA:0,(anonymous_6)
FNDA:0,(anonymous_7)
FNDA:0,(anonymous_8)
FNDA:0,(anonymous_9)
FNDA:0,(anonymous_10)
DA:1,3
DA:2,3
DA:4,3
DA:5,0
DA:6,0
DA:8,0
DA:9,0
DA:10,0
DA:11,0
DA:17,0
DA:18,0
DA:25,0
DA:31,0
DA:34,3
DA:35,0
DA:37,0
DA:45,3
DA:46,0
DA:49,0
DA:52,0
DA:53,0
DA:56,0
DA:57,0
DA:59,0
DA:62,3
DA:63,0
DA:64,0
DA:65,0
DA:67,0
DA:68,0
DA:72,0
DA:75,3
DA:76,0
DA:77,0
DA:78,0
DA:81,0
DA:82,0
DA:85,0
DA:88,3
DA:89,0
DA:90,0
DA:91,0
DA:94,0
DA:99,0
DA:102,0
DA:106,3
DA:107,3
DA:108,3
DA:109,3
DA:110,3
DA:111,3
LF:51
LH:14
BRDA:8,0,0,0
BRDA:9,1,0,0
BRDA:10,2,0,0
BRDA:10,3,0,0
BRDA:10,3,1,0
BRDA:17,4,0,0
BRDA:36,5,0,0
BRDA:36,5,1,0
BRDA:46,6,0,0
BRDA:47,7,0,0
BRDA:47,7,1,0
BRDA:49,8,0,0
BRDA:49,8,1,0
BRDA:56,9,0,0
BRDA:56,10,0,0
BRDA:56,10,1,0
BRDA:63,11,0,0
BRDA:64,12,0,0
BRDA:64,13,0,0
BRDA:64,13,1,0
BRDA:67,14,0,0
BRDA:67,15,0,0
BRDA:67,15,1,0
BRDA:76,16,0,0
BRDA:77,17,0,0
BRDA:81,18,0,0
BRDA:89,19,0,0
BRDA:90,20,0,0
BRDA:94,21,0,0
BRDA:95,22,0,0
BRDA:95,22,1,0
BRDA:95,22,2,0
BRF:32
BRH:0
end_of_record
TN:
SF:src/utils/Formatting.js
FN:3,(anonymous_1)
FN:7,(anonymous_2)
FN:17,(anonymous_3)
FN:28,(anonymous_4)
FN:33,(anonymous_5)
FNF:5
FNH:0
FNDA:0,(anonymous_1)
FNDA:0,(anonymous_2)
FNDA:0,(anonymous_3)
FNDA:0,(anonymous_4)
FNDA:0,(anonymous_5)
DA:1,3
DA:3,3
DA:4,0
DA:5,0
DA:6,0
DA:7,0
DA:8,0
DA:9,0
DA:11,0
DA:14,0
DA:17,3
DA:28,3
DA:29,0
DA:30,0
DA:33,3
DA:34,0
DA:35,0
DA:36,0
DA:37,0
DA:38,0
DA:39,0
DA:42,0
DA:46,0
DA:50,3
DA:51,3
DA:52,3
LF:26
LH:8
BRDA:4,0,0,0
BRDA:6,1,0,0
BRDA:8,2,0,0
BRDA:8,3,0,0
BRDA:8,3,1,0
BRDA:21,4,0,0
BRDA:21,4,1,0
BRDA:23,5,0,0
BRDA:23,5,1,0
BRDA:29,6,0,0
BRDA:30,7,0,0
BRDA:30,7,1,0
BRDA:35,8,0,0
BRF:13
BRH:0
end_of_record
TN:
SF:src/utils/Mutating.js
FN:4,(anonymous_0)
FN:7,(anonymous_1)
FN:17,(anonymous_2)
FN:24,(anonymous_3)
FN:26,(anonymous_4)
FN:31,(anonymous_5)
FN:69,(anonymous_6)
FN:77,(anonymous_7)
FNF:8
FNH:0
FNDA:0,(anonymous_0)
FNDA:0,(anonymous_1)
FNDA:0,(anonymous_2)
FNDA:0,(anonymous_3)
FNDA:0,(anonymous_4)
FNDA:0,(anonymous_5)
FNDA:0,(anonymous_6)
FNDA:0,(anonymous_7)
DA:1,3
DA:2,3
DA:4,3
DA:5,0
DA:6,0
DA:7,0
DA:8,0
DA:10,0
DA:12,0
DA:14,0
DA:17,3
DA:18,0
DA:24,0
DA:25,0
DA:26,0
DA:27,0
DA:28,0
DA:30,0
DA:31,0
DA:32,0
DA:34,0
DA:35,0
DA:36,0
DA:39,0
DA:42,0
DA:49,0
DA:50,0
DA:51,0
DA:57,0
DA:61,0
DA:63,0
DA:66,0
DA:69,3
DA:70,0
DA:77,3
DA:78,0
DA:87,3
LF:37
LH:7
BRDA:6,0,0,0
BRDA:6,0,1,0
BRDA:19,1,0,0
BRDA:19,1,1,0
BRDA:27,2,0,0
BRDA:30,3,0,0
BRDA:34,4,0,0
BRDA:44,5,0,0
BRDA:44,5,1,0
BRDA:50,6,0,0
BRDA:50,6,1,0
BRDA:69,7,0,0
BRDA:69,8,0,0
BRF:13
BRH:0
end_of_record
TN:
SF:src/utils/Prefixing.js
FN:3,(anonymous_0)
FNF:1
FNH:1
FNDA:1,(anonymous_0)
DA:1,3
DA:3,3
DA:4,1
DA:11,0
DA:12,0
DA:14,1
DA:17,3
LF:7
LH:5
BRDA:4,0,0,0
BRDA:4,1,0,1
BRDA:4,1,1,0
BRDA:4,1,2,0
BRDA:4,1,3,0
BRDA:4,1,4,0
BRDA:12,2,0,0
BRDA:12,2,1,0
BRF:8
BRH:1
end_of_record
TN:
SF:src/utils/Sorting.js
FN:1,(anonymous_0)
FN:3,(anonymous_1)
FN:9,(anonymous_2)
FN:11,(anonymous_3)
FNF:4
FNH:0
FNDA:0,(anonymous_0)
FNDA:0,(anonymous_1)
FNDA:0,(anonymous_2)
FNDA:0,(anonymous_3)
DA:1,3
DA:2,0
DA:3,0
DA:4,0
DA:6,0
DA:9,3
DA:10,0
DA:11,0
DA:12,0
DA:14,0
DA:17,3
LF:11
LH:3
BRDA:4,0,0,0
BRDA:4,0,1,0
BRDA:12,1,0,0
BRDA:12,1,1,0
BRF:4
BRH:0
end_of_record
